2026-03-19 16:54:25,474 [INFO] ============================================================
2026-03-19 16:54:25,474 [INFO] PM Scheduler — Nightly Synergy Sync starting
2026-03-19 16:54:25,474 [INFO] ============================================================
2026-03-19 16:54:26,783 [DEBUG] sync_log row created: id=1
2026-03-19 16:54:26,783 [INFO] Connecting to SynergyERP via ODBC DSN 'ERPlinked'...
2026-03-19 16:54:26,806 [INFO] Connected.
2026-03-19 16:54:26,813 [INFO] Discovered ERP tables: ['a80vm', 'abcdata', 'alertcostchange', 'alertdata', 'alertheader', 'alerttrailer', 'alerttype', 'altvend', 'apdeta', 'apdeth', 'apdetl', 'apdetm', 'appoh', 'appohh', 'appol', 'arproof', 'artermcode', 'arup', 'bomfle', 'bowork', 'brktbl', 'buyer', 'callnotes', 'ccodes', 'collagent', 'commhead', 'commodity', 'contlist', 'contnotes', 'contracth', 'contwt', 'costhist', 'cpicust', 'cpidet', 'cpihead', 'cslkeywrd', 'cslsales', 'cszone', 'ctwtaccum', 'ctwtaccumh', 'cust', 'custcat', 'custcont', 'custcrhist', 'custgrp', 'custnotes', 'custprdmsg', 'custshnote', 'custsls', 'custtax', 'deals', 'deptfle', 'deptslscur', 'divifle', 'docdeliv', 'entdby', 'fifolot', 'fifotrans', 'formbatch', 'formheader', 'formheaderdata', 'formline', 'formlinedata', 'formtotaldata', 'formtype', 'glmaster', 'invcost', 'invh', 'invl', 'invltag', 'invm', 'invs', 'invt', 'invtrans', 'itemhist', 'lastprice', 'matcode', 'msdfle', 'msdshist', 'nstkdesc', 'pickedby', 'poctfle', 'pohead', 'poheadh', 'poline', 'polineh', 'poltag', 'pom', 'pomiscchrg', 'pomsgh', 'ponstkh', 'prdkeywrd', 'prod', 'prodgroup', 'prodloc', 'prodsls', 'produda', 'prodwhse', 'prodwhstat', 'progaccess', 'progaccess_parameter', 'pserlno', 'pwsales', 'qoh', 'qol', 'qom', 'qordlkitl', 'qos', 'qot', 'rcontracth', 'rebatedtl', 'rebtnotes', 'replenh', 'replenl', 'reportcolumnheaders', 'reportdata', 'reportheader', 'rfpickq', 'rfpickqh', 'roh', 'rolnew', 'roltag', 'rom', 'ros', 'rot', 'saract', 'saractf', 'sardetl', 'sardetlh', 'shiplist', 'simpleviewcharts', 'simpleviewfilter', 'simpleviewfilterfields', 'simpleviewobj', 'sllstprice', 'slscurr', 'slsmsls', 'sorce', 'sordcash', 'sordcashh', 'sordlkith', 'sordlkitl', 'sordlot', 'sotibatch', 'sotiorderattachment', 'sotiorderdetail', 'sotiorderheader', 'sotiproductdetail', 'specmsg', 'specprice', 'sprodcatgy', 'sprodlot', 'sslsm', 'sslsmcomm', 'sslsmcommh', 'stagitem', 'table1', 'taxcode', 'txitemsaleshistorybycustomermonthsumpc1', 'txitemsaleshistorybycustomermonthsumpc1pivot', 'txitemsaleshistorybycustomermonthsumpc1pivotsum', 'txitemsaleshistseqmonths1', 'txitemsalesinperiodbuckets', 'txitemsalesperiodbucketssum0x', 'txitemsalesperiodbucketssumpercent', 'txitemsalesperiodbucketssumx', 'txitemsalesperiodbucketssumxx', 'txprodwhsetotalspinstk4venuom', 'upcxref', 'usercntrl', 'usrdefcat', 'vendgrp', 'vendrebate', 'vendtag', 'vendwhse', 'vwaccountspayable', 'vwaccountsreceivable', 'vwcustomer', 'vwcustomerdifferentbillto', 'vwcustomersalesorderhistory', 'vwinvoicehistory', 'vwinvoicehistorylines', 'vwlastprice', 'vwlostsales', 'vwopenorders', 'vwordership', 'vwordersourceanalysis', 'vwpricebook', 'vwproduct', 'vwproductinventory', 'vwproductprice', 'vwproductsales', 'vwpurchaseorders', 'vwrebates', 'vwsalesorder', 'vwsalesorder2', 'vwsalesperson', 'vwsalestotalsthisyearvslastyear', 'vwshiplist', 'vwsourcecomparison_avggrossprofit', 'vwsourcecomparison_avgsales', 'vwsourcecomparison_cost', 'vwsourcecomparison_grossprofit', 'vwsourcecomparison_invoice', 'vwsourcecomparison_sale', 'vwvendor', 'vwxaranalysis', 'vwxaranalysis2', 'vwxaranalysis_30', 'vwxaranalysis_45', 'vwxaranalysis_60', 'vwxaranalysis_90', 'vwxaranalysis_current', 'vwxardetail', 'vwxarlessthan30days', 'vwxbottom10customersbymerchandisedollars', 'vwxbottom10customersbyprofitdollars', 'vwxbottom10productsbymerchandisedollars', 'vwxbottom10productsbyprofitdollars', 'vwxbottom10salesmanbymerchandisedollars', 'vwxbottom10salesmanbyprofitdollars', 'vwxbottom10vendorsbymerchandisedollars', 'vwxbottom10vendorsbyprofitdollars', 'vwxchartdata', 'vwxdivisiontotalsbyprofitdollars', 'vwxproductanalysis', 'vwxproductanalysisdetail', 'vwxsaleshistory', 'vwxsaleshistory2', 'vwxtop10customersbymerchandisedollars', 'vwxtop10customersbyprofitdollars', 'vwxtop10productsbymerchandisedollars', 'vwxtop10productsbyprofitdollars', 'vwxtop10salesmanbymerchandisedollars', 'vwxtop10salesmanbyprofitdollars', 'vwxtop10vendorsbymerchandisedollars', 'vwxtop10vendorsbyprofitdollars', 'vwxwarehousetotalsbyprofitdollars', 'vxitemsaleshistbymonthcust', 'vxitemsaleshistorybycustomermonthsum', 'vxitemsaleshistorybycustomermonthsumpc1', 'vxitemsaleshistorybycustomermonthsumpc1pivot', 'vxitemsaleshistorybycustomermonthsumpc1pivotsum', 'vxitemsaleshistorybycustomermonthsumpc5', 'vxitemsaleshistorybymonthsum', 'vxitemsaleshistseqmonths1', 'vxitemsalesinperiodbucketssum', 'vxitemsalesinperiodbucketssumpercent', 'vxitemsalesperiodbucketssumxsum', 'vxpinsock', 'vxproductsalesmen2', 'vxprodwhsetotals', 'vxprodwhsetotalspinstk4', 'vxprodwhsetotalspinstk4venuom', 'vxwarehousestock', 'vxwarehousestocktotal', 'weeklysls', 'whinfo', 'wohfle', 'wohist', 'wohistl', 'wolfle', 'wos_t_machine', 'wos_t_machineruntime', 'wos_t_machresallocation', 'wos_t_machresource', 'wos_t_reports', 'wos_t_resource', 'wos_t_resusers', 'wos_t_resusers_1', 'wos_t_rptparm', 'wos_t_user', 'wos_t_womachinedata', 'wos_t_woschedule', 'wos_t_wosschedmod', 'wos_t_wosstatus', 'wos_t_wouserdata', 'zonefle']
2026-03-19 16:54:26,814 [INFO] --- Syncing customers ---
2026-03-19 16:54:26,814 [DEBUG] 'Active' column not found on cust — querying all rows.
2026-03-19 16:54:26,814 [ERROR] Customer sync failed: ('42S22', "[42S22] [MySQL][ODBC 8.0(a) Driver][mysqld-5.5.28]Unknown column 'CustNo' in 'field list' (1054) (SQLExecDirectW)")
Traceback (most recent call last):
  File "C:\Users\Caleb Lindsey\Desktop\pm-scheduler\scripts\sync\synergy-sync.py", line 234, in sync_customers
    cursor.execute("""
    ~~~~~~~~~~~~~~^^^^
        SELECT CustNo, Name, ARTerms, CreditHold,
        ^^^^^^^^^^^^^^^^^^^^^^^^^^^^^^^^^^^^^^^^^
    ...<3 lines>...
        ORDER BY CustNo
        ^^^^^^^^^^^^^^^
    """)
    ^^^^
pyodbc.ProgrammingError: ('42S22', "[42S22] [MySQL][ODBC 8.0(a) Driver][mysqld-5.5.28]Unknown column 'CustNo' in 'field list' (1054) (SQLExecDirectW)")

During handling of the above exception, another exception occurred:

Traceback (most recent call last):
  File "C:\Users\Caleb Lindsey\Desktop\pm-scheduler\scripts\sync\synergy-sync.py", line 496, in main
    count = sync_customers(erp_conn)
  File "C:\Users\Caleb Lindsey\Desktop\pm-scheduler\scripts\sync\synergy-sync.py", line 243, in sync_customers
    cursor.execute("""
    ~~~~~~~~~~~~~~^^^^
        SELECT CustNo, Name, ARTerms, CreditHold,
        ^^^^^^^^^^^^^^^^^^^^^^^^^^^^^^^^^^^^^^^^^
    ...<2 lines>...
        ORDER BY CustNo
        ^^^^^^^^^^^^^^^
    """)
    ^^^^
pyodbc.ProgrammingError: ('42S22', "[42S22] [MySQL][ODBC 8.0(a) Driver][mysqld-5.5.28]Unknown column 'CustNo' in 'field list' (1054) (SQLExecDirectW)")
2026-03-19 16:54:26,815 [INFO] --- Syncing contacts ---
2026-03-19 16:54:26,815 [DEBUG]   Using contact table: 'custcont'
2026-03-19 16:54:26,817 [DEBUG]   Contact table columns: ['ccref', 'contrnum', 'contrtype', 'custnum', 'fullkey', 'xdl4recnum']
2026-03-19 16:54:26,817 [DEBUG]   Column mapping: {'custno': None, 'name': None, 'email': None, 'phone': None, 'synergy_id': None, 'is_primary': None}
2026-03-19 16:54:26,817 [WARNING]   Could not identify a customer foreign key column in 'custcont'. Skipping contacts sync.
2026-03-19 16:54:26,817 [INFO] --- Syncing products ---
2026-03-19 16:54:26,817 [WARNING]   Could not query 'prod' table: ('42S22', "[42S22] [MySQL][ODBC 8.0(a) Driver][mysqld-5.5.28]Unknown column 'ProdNo' in 'field list' (1054) (SQLExecDirectW)"). Skipping products sync.
2026-03-19 16:54:26,817 [DEBUG] ERP connection closed.
2026-03-19 16:54:26,817 [ERROR] Sync completed with failures: customers: ('42S22', "[42S22] [MySQL][ODBC 8.0(a) Driver][mysqld-5.5.28]Unknown column 'CustNo' in 'field list' (1054) (SQLExecDirectW)")
2026-03-19 16:54:26,817 [INFO] Total records synced before failure(s): 0
2026-03-19 16:56:29,681 [INFO] ============================================================
2026-03-19 16:56:29,681 [INFO] PM Scheduler — Nightly Synergy Sync starting
2026-03-19 16:56:29,681 [INFO] ============================================================
2026-03-19 16:56:30,654 [DEBUG] sync_log row created: id=2
2026-03-19 16:56:30,654 [INFO] Connecting to SynergyERP via ODBC DSN 'ERPlinked'...
2026-03-19 16:56:30,668 [INFO] Connected.
2026-03-19 16:56:30,673 [INFO] Discovered ERP tables: ['a80vm', 'abcdata', 'alertcostchange', 'alertdata', 'alertheader', 'alerttrailer', 'alerttype', 'altvend', 'apdeta', 'apdeth', 'apdetl', 'apdetm', 'appoh', 'appohh', 'appol', 'arproof', 'artermcode', 'arup', 'bomfle', 'bowork', 'brktbl', 'buyer', 'callnotes', 'ccodes', 'collagent', 'commhead', 'commodity', 'contlist', 'contnotes', 'contracth', 'contwt', 'costhist', 'cpicust', 'cpidet', 'cpihead', 'cslkeywrd', 'cslsales', 'cszone', 'ctwtaccum', 'ctwtaccumh', 'cust', 'custcat', 'custcont', 'custcrhist', 'custgrp', 'custnotes', 'custprdmsg', 'custshnote', 'custsls', 'custtax', 'deals', 'deptfle', 'deptslscur', 'divifle', 'docdeliv', 'entdby', 'fifolot', 'fifotrans', 'formbatch', 'formheader', 'formheaderdata', 'formline', 'formlinedata', 'formtotaldata', 'formtype', 'glmaster', 'invcost', 'invh', 'invl', 'invltag', 'invm', 'invs', 'invt', 'invtrans', 'itemhist', 'lastprice', 'matcode', 'msdfle', 'msdshist', 'nstkdesc', 'pickedby', 'poctfle', 'pohead', 'poheadh', 'poline', 'polineh', 'poltag', 'pom', 'pomiscchrg', 'pomsgh', 'ponstkh', 'prdkeywrd', 'prod', 'prodgroup', 'prodloc', 'prodsls', 'produda', 'prodwhse', 'prodwhstat', 'progaccess', 'progaccess_parameter', 'pserlno', 'pwsales', 'qoh', 'qol', 'qom', 'qordlkitl', 'qos', 'qot', 'rcontracth', 'rebatedtl', 'rebtnotes', 'replenh', 'replenl', 'reportcolumnheaders', 'reportdata', 'reportheader', 'rfpickq', 'rfpickqh', 'roh', 'rolnew', 'roltag', 'rom', 'ros', 'rot', 'saract', 'saractf', 'sardetl', 'sardetlh', 'shiplist', 'simpleviewcharts', 'simpleviewfilter', 'simpleviewfilterfields', 'simpleviewobj', 'sllstprice', 'slscurr', 'slsmsls', 'sorce', 'sordcash', 'sordcashh', 'sordlkith', 'sordlkitl', 'sordlot', 'sotibatch', 'sotiorderattachment', 'sotiorderdetail', 'sotiorderheader', 'sotiproductdetail', 'specmsg', 'specprice', 'sprodcatgy', 'sprodlot', 'sslsm', 'sslsmcomm', 'sslsmcommh', 'stagitem', 'table1', 'taxcode', 'txitemsaleshistorybycustomermonthsumpc1', 'txitemsaleshistorybycustomermonthsumpc1pivot', 'txitemsaleshistorybycustomermonthsumpc1pivotsum', 'txitemsaleshistseqmonths1', 'txitemsalesinperiodbuckets', 'txitemsalesperiodbucketssum0x', 'txitemsalesperiodbucketssumpercent', 'txitemsalesperiodbucketssumx', 'txitemsalesperiodbucketssumxx', 'txprodwhsetotalspinstk4venuom', 'upcxref', 'usercntrl', 'usrdefcat', 'vendgrp', 'vendrebate', 'vendtag', 'vendwhse', 'vwaccountspayable', 'vwaccountsreceivable', 'vwcustomer', 'vwcustomerdifferentbillto', 'vwcustomersalesorderhistory', 'vwinvoicehistory', 'vwinvoicehistorylines', 'vwlastprice', 'vwlostsales', 'vwopenorders', 'vwordership', 'vwordersourceanalysis', 'vwpricebook', 'vwproduct', 'vwproductinventory', 'vwproductprice', 'vwproductsales', 'vwpurchaseorders', 'vwrebates', 'vwsalesorder', 'vwsalesorder2', 'vwsalesperson', 'vwsalestotalsthisyearvslastyear', 'vwshiplist', 'vwsourcecomparison_avggrossprofit', 'vwsourcecomparison_avgsales', 'vwsourcecomparison_cost', 'vwsourcecomparison_grossprofit', 'vwsourcecomparison_invoice', 'vwsourcecomparison_sale', 'vwvendor', 'vwxaranalysis', 'vwxaranalysis2', 'vwxaranalysis_30', 'vwxaranalysis_45', 'vwxaranalysis_60', 'vwxaranalysis_90', 'vwxaranalysis_current', 'vwxardetail', 'vwxarlessthan30days', 'vwxbottom10customersbymerchandisedollars', 'vwxbottom10customersbyprofitdollars', 'vwxbottom10productsbymerchandisedollars', 'vwxbottom10productsbyprofitdollars', 'vwxbottom10salesmanbymerchandisedollars', 'vwxbottom10salesmanbyprofitdollars', 'vwxbottom10vendorsbymerchandisedollars', 'vwxbottom10vendorsbyprofitdollars', 'vwxchartdata', 'vwxdivisiontotalsbyprofitdollars', 'vwxproductanalysis', 'vwxproductanalysisdetail', 'vwxsaleshistory', 'vwxsaleshistory2', 'vwxtop10customersbymerchandisedollars', 'vwxtop10customersbyprofitdollars', 'vwxtop10productsbymerchandisedollars', 'vwxtop10productsbyprofitdollars', 'vwxtop10salesmanbymerchandisedollars', 'vwxtop10salesmanbyprofitdollars', 'vwxtop10vendorsbymerchandisedollars', 'vwxtop10vendorsbyprofitdollars', 'vwxwarehousetotalsbyprofitdollars', 'vxitemsaleshistbymonthcust', 'vxitemsaleshistorybycustomermonthsum', 'vxitemsaleshistorybycustomermonthsumpc1', 'vxitemsaleshistorybycustomermonthsumpc1pivot', 'vxitemsaleshistorybycustomermonthsumpc1pivotsum', 'vxitemsaleshistorybycustomermonthsumpc5', 'vxitemsaleshistorybymonthsum', 'vxitemsaleshistseqmonths1', 'vxitemsalesinperiodbucketssum', 'vxitemsalesinperiodbucketssumpercent', 'vxitemsalesperiodbucketssumxsum', 'vxpinsock', 'vxproductsalesmen2', 'vxprodwhsetotals', 'vxprodwhsetotalspinstk4', 'vxprodwhsetotalspinstk4venuom', 'vxwarehousestock', 'vxwarehousestocktotal', 'weeklysls', 'whinfo', 'wohfle', 'wohist', 'wohistl', 'wolfle', 'wos_t_machine', 'wos_t_machineruntime', 'wos_t_machresallocation', 'wos_t_machresource', 'wos_t_reports', 'wos_t_resource', 'wos_t_resusers', 'wos_t_resusers_1', 'wos_t_rptparm', 'wos_t_user', 'wos_t_womachinedata', 'wos_t_woschedule', 'wos_t_wosschedmod', 'wos_t_wosstatus', 'wos_t_wouserdata', 'zonefle']
2026-03-19 16:56:30,673 [INFO] --- Syncing customers ---
2026-03-19 16:56:30,787 [INFO]   Fetched 9480 customer rows from Synergy.
2026-03-19 16:56:32,045 [DEBUG]   Upserted batch 1 (500 records) to 'customers'.
2026-03-19 16:56:32,788 [DEBUG]   Upserted batch 2 (500 records) to 'customers'.
2026-03-19 16:56:33,735 [DEBUG]   Upserted batch 3 (500 records) to 'customers'.
2026-03-19 16:56:34,213 [DEBUG]   Upserted batch 4 (500 records) to 'customers'.
2026-03-19 16:56:34,900 [DEBUG]   Upserted batch 5 (500 records) to 'customers'.
2026-03-19 16:56:35,576 [DEBUG]   Upserted batch 6 (500 records) to 'customers'.
2026-03-19 16:56:36,010 [DEBUG]   Upserted batch 7 (500 records) to 'customers'.
2026-03-19 16:56:36,705 [DEBUG]   Upserted batch 8 (500 records) to 'customers'.
2026-03-19 16:56:37,173 [DEBUG]   Upserted batch 9 (500 records) to 'customers'.
2026-03-19 16:56:37,632 [DEBUG]   Upserted batch 10 (500 records) to 'customers'.
2026-03-19 16:56:38,149 [DEBUG]   Upserted batch 11 (500 records) to 'customers'.
2026-03-19 16:56:38,786 [DEBUG]   Upserted batch 12 (500 records) to 'customers'.
2026-03-19 16:56:39,209 [DEBUG]   Upserted batch 13 (500 records) to 'customers'.
2026-03-19 16:56:39,628 [DEBUG]   Upserted batch 14 (500 records) to 'customers'.
2026-03-19 16:56:40,059 [DEBUG]   Upserted batch 15 (500 records) to 'customers'.
2026-03-19 16:56:40,515 [DEBUG]   Upserted batch 16 (500 records) to 'customers'.
2026-03-19 16:56:41,186 [DEBUG]   Upserted batch 17 (500 records) to 'customers'.
2026-03-19 16:56:41,637 [DEBUG]   Upserted batch 18 (500 records) to 'customers'.
2026-03-19 16:56:42,071 [DEBUG]   Upserted batch 19 (480 records) to 'customers'.
2026-03-19 16:56:42,072 [INFO]   Customers synced: 9480
2026-03-19 16:56:42,073 [INFO] --- Syncing contacts ---
2026-03-19 16:56:42,130 [INFO]   Fetched 6016 contact rows from Synergy.
2026-03-19 16:56:42,461 [DEBUG]   Skipped 5084 contacts with no matching customer in Supabase.
2026-03-19 16:56:42,847 [ERROR] Contact sync failed: Supabase upsert to 'contacts' failed [409]: {"code":"23505","details":"Key (synergy_id)=(1) already exists.","hint":null,"message":"duplicate key value violates unique constraint \"idx_contacts_synergy_id\""}
Traceback (most recent call last):
  File "C:\Users\Caleb Lindsey\Desktop\pm-scheduler\scripts\sync\synergy-sync.py", line 433, in main
    count = sync_contacts(erp_conn, known_tables)
  File "C:\Users\Caleb Lindsey\Desktop\pm-scheduler\scripts\sync\synergy-sync.py", line 359, in sync_contacts
    count = upsert_in_batches(upsertable, "contacts")
  File "C:\Users\Caleb Lindsey\Desktop\pm-scheduler\scripts\sync\synergy-sync.py", line 130, in upsert_in_batches
    count = supabase_upsert(table, batch)
  File "C:\Users\Caleb Lindsey\Desktop\pm-scheduler\scripts\sync\synergy-sync.py", line 115, in supabase_upsert
    raise RuntimeError(
        f"Supabase upsert to '{table}' failed [{response.status_code}]: {response.text[:500]}"
    )
RuntimeError: Supabase upsert to 'contacts' failed [409]: {"code":"23505","details":"Key (synergy_id)=(1) already exists.","hint":null,"message":"duplicate key value violates unique constraint \"idx_contacts_synergy_id\""}
2026-03-19 16:56:42,859 [INFO] --- Syncing products ---
2026-03-19 16:56:42,966 [INFO]   Fetched 12961 product rows from Synergy.
2026-03-19 16:56:43,410 [DEBUG]   Upserted batch 1 (500 records) to 'products'.
2026-03-19 16:56:43,803 [DEBUG]   Upserted batch 2 (500 records) to 'products'.
2026-03-19 16:56:44,295 [DEBUG]   Upserted batch 3 (500 records) to 'products'.
2026-03-19 16:56:44,728 [DEBUG]   Upserted batch 4 (500 records) to 'products'.
2026-03-19 16:56:45,181 [DEBUG]   Upserted batch 5 (500 records) to 'products'.
2026-03-19 16:56:45,598 [DEBUG]   Upserted batch 6 (500 records) to 'products'.
2026-03-19 16:56:46,101 [DEBUG]   Upserted batch 7 (500 records) to 'products'.
2026-03-19 16:56:46,557 [DEBUG]   Upserted batch 8 (500 records) to 'products'.
2026-03-19 16:56:46,908 [DEBUG]   Upserted batch 9 (500 records) to 'products'.
2026-03-19 16:56:47,344 [DEBUG]   Upserted batch 10 (500 records) to 'products'.
2026-03-19 16:56:47,764 [DEBUG]   Upserted batch 11 (500 records) to 'products'.
2026-03-19 16:56:48,186 [DEBUG]   Upserted batch 12 (500 records) to 'products'.
2026-03-19 16:56:48,607 [DEBUG]   Upserted batch 13 (500 records) to 'products'.
2026-03-19 16:56:48,974 [DEBUG]   Upserted batch 14 (500 records) to 'products'.
2026-03-19 16:56:49,399 [DEBUG]   Upserted batch 15 (500 records) to 'products'.
2026-03-19 16:56:49,798 [DEBUG]   Upserted batch 16 (500 records) to 'products'.
2026-03-19 16:56:50,249 [DEBUG]   Upserted batch 17 (500 records) to 'products'.
2026-03-19 16:56:50,598 [DEBUG]   Upserted batch 18 (500 records) to 'products'.
2026-03-19 16:56:50,962 [DEBUG]   Upserted batch 19 (500 records) to 'products'.
2026-03-19 16:56:51,436 [DEBUG]   Upserted batch 20 (500 records) to 'products'.
2026-03-19 16:56:52,177 [DEBUG]   Upserted batch 21 (500 records) to 'products'.
2026-03-19 16:56:52,622 [DEBUG]   Upserted batch 22 (500 records) to 'products'.
2026-03-19 16:56:53,033 [DEBUG]   Upserted batch 23 (500 records) to 'products'.
2026-03-19 16:56:53,531 [DEBUG]   Upserted batch 24 (500 records) to 'products'.
2026-03-19 16:56:53,965 [DEBUG]   Upserted batch 25 (500 records) to 'products'.
2026-03-19 16:56:54,366 [DEBUG]   Upserted batch 26 (461 records) to 'products'.
2026-03-19 16:56:54,366 [INFO]   Products synced: 12961
2026-03-19 16:56:54,368 [DEBUG] ERP connection closed.
2026-03-19 16:56:54,368 [ERROR] Sync completed with failures: contacts: Supabase upsert to 'contacts' failed [409]: {"code":"23505","details":"Key (synergy_id)=(1) already exists.","hint":null,"message":"duplicate key value violates unique constraint \"idx_contacts_synergy_id\""}
2026-03-19 16:56:54,368 [INFO] Total records synced before failure(s): 22441
2026-03-19 16:57:36,208 [INFO] ============================================================
2026-03-19 16:57:36,208 [INFO] PM Scheduler — Nightly Synergy Sync starting
2026-03-19 16:57:36,208 [INFO] ============================================================
2026-03-19 16:57:36,557 [DEBUG] sync_log row created: id=3
2026-03-19 16:57:36,557 [INFO] Connecting to SynergyERP via ODBC DSN 'ERPlinked'...
2026-03-19 16:57:36,570 [INFO] Connected.
2026-03-19 16:57:36,574 [INFO] Discovered ERP tables: ['a80vm', 'abcdata', 'alertcostchange', 'alertdata', 'alertheader', 'alerttrailer', 'alerttype', 'altvend', 'apdeta', 'apdeth', 'apdetl', 'apdetm', 'appoh', 'appohh', 'appol', 'arproof', 'artermcode', 'arup', 'bomfle', 'bowork', 'brktbl', 'buyer', 'callnotes', 'ccodes', 'collagent', 'commhead', 'commodity', 'contlist', 'contnotes', 'contracth', 'contwt', 'costhist', 'cpicust', 'cpidet', 'cpihead', 'cslkeywrd', 'cslsales', 'cszone', 'ctwtaccum', 'ctwtaccumh', 'cust', 'custcat', 'custcont', 'custcrhist', 'custgrp', 'custnotes', 'custprdmsg', 'custshnote', 'custsls', 'custtax', 'deals', 'deptfle', 'deptslscur', 'divifle', 'docdeliv', 'entdby', 'fifolot', 'fifotrans', 'formbatch', 'formheader', 'formheaderdata', 'formline', 'formlinedata', 'formtotaldata', 'formtype', 'glmaster', 'invcost', 'invh', 'invl', 'invltag', 'invm', 'invs', 'invt', 'invtrans', 'itemhist', 'lastprice', 'matcode', 'msdfle', 'msdshist', 'nstkdesc', 'pickedby', 'poctfle', 'pohead', 'poheadh', 'poline', 'polineh', 'poltag', 'pom', 'pomiscchrg', 'pomsgh', 'ponstkh', 'prdkeywrd', 'prod', 'prodgroup', 'prodloc', 'prodsls', 'produda', 'prodwhse', 'prodwhstat', 'progaccess', 'progaccess_parameter', 'pserlno', 'pwsales', 'qoh', 'qol', 'qom', 'qordlkitl', 'qos', 'qot', 'rcontracth', 'rebatedtl', 'rebtnotes', 'replenh', 'replenl', 'reportcolumnheaders', 'reportdata', 'reportheader', 'rfpickq', 'rfpickqh', 'roh', 'rolnew', 'roltag', 'rom', 'ros', 'rot', 'saract', 'saractf', 'sardetl', 'sardetlh', 'shiplist', 'simpleviewcharts', 'simpleviewfilter', 'simpleviewfilterfields', 'simpleviewobj', 'sllstprice', 'slscurr', 'slsmsls', 'sorce', 'sordcash', 'sordcashh', 'sordlkith', 'sordlkitl', 'sordlot', 'sotibatch', 'sotiorderattachment', 'sotiorderdetail', 'sotiorderheader', 'sotiproductdetail', 'specmsg', 'specprice', 'sprodcatgy', 'sprodlot', 'sslsm', 'sslsmcomm', 'sslsmcommh', 'stagitem', 'table1', 'taxcode', 'txitemsaleshistorybycustomermonthsumpc1', 'txitemsaleshistorybycustomermonthsumpc1pivot', 'txitemsaleshistorybycustomermonthsumpc1pivotsum', 'txitemsaleshistseqmonths1', 'txitemsalesinperiodbuckets', 'txitemsalesperiodbucketssum0x', 'txitemsalesperiodbucketssumpercent', 'txitemsalesperiodbucketssumx', 'txitemsalesperiodbucketssumxx', 'txprodwhsetotalspinstk4venuom', 'upcxref', 'usercntrl', 'usrdefcat', 'vendgrp', 'vendrebate', 'vendtag', 'vendwhse', 'vwaccountspayable', 'vwaccountsreceivable', 'vwcustomer', 'vwcustomerdifferentbillto', 'vwcustomersalesorderhistory', 'vwinvoicehistory', 'vwinvoicehistorylines', 'vwlastprice', 'vwlostsales', 'vwopenorders', 'vwordership', 'vwordersourceanalysis', 'vwpricebook', 'vwproduct', 'vwproductinventory', 'vwproductprice', 'vwproductsales', 'vwpurchaseorders', 'vwrebates', 'vwsalesorder', 'vwsalesorder2', 'vwsalesperson', 'vwsalestotalsthisyearvslastyear', 'vwshiplist', 'vwsourcecomparison_avggrossprofit', 'vwsourcecomparison_avgsales', 'vwsourcecomparison_cost', 'vwsourcecomparison_grossprofit', 'vwsourcecomparison_invoice', 'vwsourcecomparison_sale', 'vwvendor', 'vwxaranalysis', 'vwxaranalysis2', 'vwxaranalysis_30', 'vwxaranalysis_45', 'vwxaranalysis_60', 'vwxaranalysis_90', 'vwxaranalysis_current', 'vwxardetail', 'vwxarlessthan30days', 'vwxbottom10customersbymerchandisedollars', 'vwxbottom10customersbyprofitdollars', 'vwxbottom10productsbymerchandisedollars', 'vwxbottom10productsbyprofitdollars', 'vwxbottom10salesmanbymerchandisedollars', 'vwxbottom10salesmanbyprofitdollars', 'vwxbottom10vendorsbymerchandisedollars', 'vwxbottom10vendorsbyprofitdollars', 'vwxchartdata', 'vwxdivisiontotalsbyprofitdollars', 'vwxproductanalysis', 'vwxproductanalysisdetail', 'vwxsaleshistory', 'vwxsaleshistory2', 'vwxtop10customersbymerchandisedollars', 'vwxtop10customersbyprofitdollars', 'vwxtop10productsbymerchandisedollars', 'vwxtop10productsbyprofitdollars', 'vwxtop10salesmanbymerchandisedollars', 'vwxtop10salesmanbyprofitdollars', 'vwxtop10vendorsbymerchandisedollars', 'vwxtop10vendorsbyprofitdollars', 'vwxwarehousetotalsbyprofitdollars', 'vxitemsaleshistbymonthcust', 'vxitemsaleshistorybycustomermonthsum', 'vxitemsaleshistorybycustomermonthsumpc1', 'vxitemsaleshistorybycustomermonthsumpc1pivot', 'vxitemsaleshistorybycustomermonthsumpc1pivotsum', 'vxitemsaleshistorybycustomermonthsumpc5', 'vxitemsaleshistorybymonthsum', 'vxitemsaleshistseqmonths1', 'vxitemsalesinperiodbucketssum', 'vxitemsalesinperiodbucketssumpercent', 'vxitemsalesperiodbucketssumxsum', 'vxpinsock', 'vxproductsalesmen2', 'vxprodwhsetotals', 'vxprodwhsetotalspinstk4', 'vxprodwhsetotalspinstk4venuom', 'vxwarehousestock', 'vxwarehousestocktotal', 'weeklysls', 'whinfo', 'wohfle', 'wohist', 'wohistl', 'wolfle', 'wos_t_machine', 'wos_t_machineruntime', 'wos_t_machresallocation', 'wos_t_machresource', 'wos_t_reports', 'wos_t_resource', 'wos_t_resusers', 'wos_t_resusers_1', 'wos_t_rptparm', 'wos_t_user', 'wos_t_womachinedata', 'wos_t_woschedule', 'wos_t_wosschedmod', 'wos_t_wosstatus', 'wos_t_wouserdata', 'zonefle']
2026-03-19 16:57:36,574 [INFO] --- Syncing customers ---
2026-03-19 16:57:36,688 [INFO]   Fetched 9480 customer rows from Synergy.
2026-03-19 16:57:37,578 [ERROR] Customer sync failed: Supabase upsert to 'customers' failed [409]: {"code":"23505","details":"Key (synergy_id)=(1) already exists.","hint":null,"message":"duplicate key value violates unique constraint \"customers_synergy_id_key\""}
Traceback (most recent call last):
  File "C:\Users\Caleb Lindsey\Desktop\pm-scheduler\scripts\sync\synergy-sync.py", line 428, in main
    count = sync_customers(erp_conn)
  File "C:\Users\Caleb Lindsey\Desktop\pm-scheduler\scripts\sync\synergy-sync.py", line 259, in sync_customers
    count = upsert_in_batches(customers, "customers")
  File "C:\Users\Caleb Lindsey\Desktop\pm-scheduler\scripts\sync\synergy-sync.py", line 130, in upsert_in_batches
    count = supabase_upsert(table, batch)
  File "C:\Users\Caleb Lindsey\Desktop\pm-scheduler\scripts\sync\synergy-sync.py", line 115, in supabase_upsert
    raise RuntimeError(
        f"Supabase upsert to '{table}' failed [{response.status_code}]: {response.text[:500]}"
    )
RuntimeError: Supabase upsert to 'customers' failed [409]: {"code":"23505","details":"Key (synergy_id)=(1) already exists.","hint":null,"message":"duplicate key value violates unique constraint \"customers_synergy_id_key\""}
2026-03-19 16:57:37,582 [INFO] --- Syncing contacts ---
2026-03-19 16:57:37,630 [INFO]   Fetched 6016 contact rows from Synergy.
2026-03-19 16:57:37,952 [DEBUG]   Skipped 5084 contacts with no matching customer in Supabase.
2026-03-19 16:57:38,378 [ERROR] Contact sync failed: Supabase upsert to 'contacts' failed [409]: {"code":"23505","details":"Key (synergy_id)=(105-2) already exists.","hint":null,"message":"duplicate key value violates unique constraint \"idx_contacts_synergy_id\""}
Traceback (most recent call last):
  File "C:\Users\Caleb Lindsey\Desktop\pm-scheduler\scripts\sync\synergy-sync.py", line 436, in main
    count = sync_contacts(erp_conn, known_tables)
  File "C:\Users\Caleb Lindsey\Desktop\pm-scheduler\scripts\sync\synergy-sync.py", line 362, in sync_contacts
    count = upsert_in_batches(upsertable, "contacts")
  File "C:\Users\Caleb Lindsey\Desktop\pm-scheduler\scripts\sync\synergy-sync.py", line 130, in upsert_in_batches
    count = supabase_upsert(table, batch)
  File "C:\Users\Caleb Lindsey\Desktop\pm-scheduler\scripts\sync\synergy-sync.py", line 115, in supabase_upsert
    raise RuntimeError(
        f"Supabase upsert to '{table}' failed [{response.status_code}]: {response.text[:500]}"
    )
RuntimeError: Supabase upsert to 'contacts' failed [409]: {"code":"23505","details":"Key (synergy_id)=(105-2) already exists.","hint":null,"message":"duplicate key value violates unique constraint \"idx_contacts_synergy_id\""}
2026-03-19 16:57:38,380 [INFO] --- Syncing products ---
2026-03-19 16:57:38,467 [INFO]   Fetched 12961 product rows from Synergy.
2026-03-19 16:57:38,855 [ERROR] Product sync failed: Supabase upsert to 'products' failed [409]: {"code":"23505","details":"Key (synergy_id)=(100016100) already exists.","hint":null,"message":"duplicate key value violates unique constraint \"products_synergy_id_key\""}
Traceback (most recent call last):
  File "C:\Users\Caleb Lindsey\Desktop\pm-scheduler\scripts\sync\synergy-sync.py", line 444, in main
    count = sync_products(erp_conn)
  File "C:\Users\Caleb Lindsey\Desktop\pm-scheduler\scripts\sync\synergy-sync.py", line 295, in sync_products
    count = upsert_in_batches(products, "products")
  File "C:\Users\Caleb Lindsey\Desktop\pm-scheduler\scripts\sync\synergy-sync.py", line 130, in upsert_in_batches
    count = supabase_upsert(table, batch)
  File "C:\Users\Caleb Lindsey\Desktop\pm-scheduler\scripts\sync\synergy-sync.py", line 115, in supabase_upsert
    raise RuntimeError(
        f"Supabase upsert to '{table}' failed [{response.status_code}]: {response.text[:500]}"
    )
RuntimeError: Supabase upsert to 'products' failed [409]: {"code":"23505","details":"Key (synergy_id)=(100016100) already exists.","hint":null,"message":"duplicate key value violates unique constraint \"products_synergy_id_key\""}
2026-03-19 16:57:38,858 [DEBUG] ERP connection closed.
2026-03-19 16:57:38,858 [ERROR] Sync completed with failures: customers: Supabase upsert to 'customers' failed [409]: {"code":"23505","details":"Key (synergy_id)=(1) already exists.","hint":null,"message":"duplicate key value violates unique constraint \"customers_synergy_id_key\""}; contacts: Supabase upsert to 'contacts' failed [409]: {"code":"23505","details":"Key (synergy_id)=(105-2) already exists.","hint":null,"message":"duplicate key value violates unique constraint \"idx_contacts_synergy_id\""}; products: Supabase upsert to 'products' failed [409]: {"code":"23505","details":"Key (synergy_id)=(100016100) already exists.","hint":null,"message":"duplicate key value violates unique constraint \"products_synergy_id_key\""}
2026-03-19 16:57:38,858 [INFO] Total records synced before failure(s): 0
2026-03-19 16:57:55,591 [INFO] ============================================================
2026-03-19 16:57:55,591 [INFO] PM Scheduler — Nightly Synergy Sync starting
2026-03-19 16:57:55,591 [INFO] ============================================================
2026-03-19 16:57:55,921 [DEBUG] sync_log row created: id=4
2026-03-19 16:57:55,921 [INFO] Connecting to SynergyERP via ODBC DSN 'ERPlinked'...
2026-03-19 16:57:55,933 [INFO] Connected.
2026-03-19 16:57:55,936 [INFO] Discovered ERP tables: ['a80vm', 'abcdata', 'alertcostchange', 'alertdata', 'alertheader', 'alerttrailer', 'alerttype', 'altvend', 'apdeta', 'apdeth', 'apdetl', 'apdetm', 'appoh', 'appohh', 'appol', 'arproof', 'artermcode', 'arup', 'bomfle', 'bowork', 'brktbl', 'buyer', 'callnotes', 'ccodes', 'collagent', 'commhead', 'commodity', 'contlist', 'contnotes', 'contracth', 'contwt', 'costhist', 'cpicust', 'cpidet', 'cpihead', 'cslkeywrd', 'cslsales', 'cszone', 'ctwtaccum', 'ctwtaccumh', 'cust', 'custcat', 'custcont', 'custcrhist', 'custgrp', 'custnotes', 'custprdmsg', 'custshnote', 'custsls', 'custtax', 'deals', 'deptfle', 'deptslscur', 'divifle', 'docdeliv', 'entdby', 'fifolot', 'fifotrans', 'formbatch', 'formheader', 'formheaderdata', 'formline', 'formlinedata', 'formtotaldata', 'formtype', 'glmaster', 'invcost', 'invh', 'invl', 'invltag', 'invm', 'invs', 'invt', 'invtrans', 'itemhist', 'lastprice', 'matcode', 'msdfle', 'msdshist', 'nstkdesc', 'pickedby', 'poctfle', 'pohead', 'poheadh', 'poline', 'polineh', 'poltag', 'pom', 'pomiscchrg', 'pomsgh', 'ponstkh', 'prdkeywrd', 'prod', 'prodgroup', 'prodloc', 'prodsls', 'produda', 'prodwhse', 'prodwhstat', 'progaccess', 'progaccess_parameter', 'pserlno', 'pwsales', 'qoh', 'qol', 'qom', 'qordlkitl', 'qos', 'qot', 'rcontracth', 'rebatedtl', 'rebtnotes', 'replenh', 'replenl', 'reportcolumnheaders', 'reportdata', 'reportheader', 'rfpickq', 'rfpickqh', 'roh', 'rolnew', 'roltag', 'rom', 'ros', 'rot', 'saract', 'saractf', 'sardetl', 'sardetlh', 'shiplist', 'simpleviewcharts', 'simpleviewfilter', 'simpleviewfilterfields', 'simpleviewobj', 'sllstprice', 'slscurr', 'slsmsls', 'sorce', 'sordcash', 'sordcashh', 'sordlkith', 'sordlkitl', 'sordlot', 'sotibatch', 'sotiorderattachment', 'sotiorderdetail', 'sotiorderheader', 'sotiproductdetail', 'specmsg', 'specprice', 'sprodcatgy', 'sprodlot', 'sslsm', 'sslsmcomm', 'sslsmcommh', 'stagitem', 'table1', 'taxcode', 'txitemsaleshistorybycustomermonthsumpc1', 'txitemsaleshistorybycustomermonthsumpc1pivot', 'txitemsaleshistorybycustomermonthsumpc1pivotsum', 'txitemsaleshistseqmonths1', 'txitemsalesinperiodbuckets', 'txitemsalesperiodbucketssum0x', 'txitemsalesperiodbucketssumpercent', 'txitemsalesperiodbucketssumx', 'txitemsalesperiodbucketssumxx', 'txprodwhsetotalspinstk4venuom', 'upcxref', 'usercntrl', 'usrdefcat', 'vendgrp', 'vendrebate', 'vendtag', 'vendwhse', 'vwaccountspayable', 'vwaccountsreceivable', 'vwcustomer', 'vwcustomerdifferentbillto', 'vwcustomersalesorderhistory', 'vwinvoicehistory', 'vwinvoicehistorylines', 'vwlastprice', 'vwlostsales', 'vwopenorders', 'vwordership', 'vwordersourceanalysis', 'vwpricebook', 'vwproduct', 'vwproductinventory', 'vwproductprice', 'vwproductsales', 'vwpurchaseorders', 'vwrebates', 'vwsalesorder', 'vwsalesorder2', 'vwsalesperson', 'vwsalestotalsthisyearvslastyear', 'vwshiplist', 'vwsourcecomparison_avggrossprofit', 'vwsourcecomparison_avgsales', 'vwsourcecomparison_cost', 'vwsourcecomparison_grossprofit', 'vwsourcecomparison_invoice', 'vwsourcecomparison_sale', 'vwvendor', 'vwxaranalysis', 'vwxaranalysis2', 'vwxaranalysis_30', 'vwxaranalysis_45', 'vwxaranalysis_60', 'vwxaranalysis_90', 'vwxaranalysis_current', 'vwxardetail', 'vwxarlessthan30days', 'vwxbottom10customersbymerchandisedollars', 'vwxbottom10customersbyprofitdollars', 'vwxbottom10productsbymerchandisedollars', 'vwxbottom10productsbyprofitdollars', 'vwxbottom10salesmanbymerchandisedollars', 'vwxbottom10salesmanbyprofitdollars', 'vwxbottom10vendorsbymerchandisedollars', 'vwxbottom10vendorsbyprofitdollars', 'vwxchartdata', 'vwxdivisiontotalsbyprofitdollars', 'vwxproductanalysis', 'vwxproductanalysisdetail', 'vwxsaleshistory', 'vwxsaleshistory2', 'vwxtop10customersbymerchandisedollars', 'vwxtop10customersbyprofitdollars', 'vwxtop10productsbymerchandisedollars', 'vwxtop10productsbyprofitdollars', 'vwxtop10salesmanbymerchandisedollars', 'vwxtop10salesmanbyprofitdollars', 'vwxtop10vendorsbymerchandisedollars', 'vwxtop10vendorsbyprofitdollars', 'vwxwarehousetotalsbyprofitdollars', 'vxitemsaleshistbymonthcust', 'vxitemsaleshistorybycustomermonthsum', 'vxitemsaleshistorybycustomermonthsumpc1', 'vxitemsaleshistorybycustomermonthsumpc1pivot', 'vxitemsaleshistorybycustomermonthsumpc1pivotsum', 'vxitemsaleshistorybycustomermonthsumpc5', 'vxitemsaleshistorybymonthsum', 'vxitemsaleshistseqmonths1', 'vxitemsalesinperiodbucketssum', 'vxitemsalesinperiodbucketssumpercent', 'vxitemsalesperiodbucketssumxsum', 'vxpinsock', 'vxproductsalesmen2', 'vxprodwhsetotals', 'vxprodwhsetotalspinstk4', 'vxprodwhsetotalspinstk4venuom', 'vxwarehousestock', 'vxwarehousestocktotal', 'weeklysls', 'whinfo', 'wohfle', 'wohist', 'wohistl', 'wolfle', 'wos_t_machine', 'wos_t_machineruntime', 'wos_t_machresallocation', 'wos_t_machresource', 'wos_t_reports', 'wos_t_resource', 'wos_t_resusers', 'wos_t_resusers_1', 'wos_t_rptparm', 'wos_t_user', 'wos_t_womachinedata', 'wos_t_woschedule', 'wos_t_wosschedmod', 'wos_t_wosstatus', 'wos_t_wouserdata', 'zonefle']
2026-03-19 16:57:55,936 [INFO] --- Syncing customers ---
2026-03-19 16:57:56,052 [INFO]   Fetched 9480 customer rows from Synergy.
2026-03-19 16:57:56,787 [DEBUG]   Upserted batch 1 (500 records) to 'customers'.
2026-03-19 16:57:57,287 [DEBUG]   Upserted batch 2 (500 records) to 'customers'.
2026-03-19 16:57:57,749 [DEBUG]   Upserted batch 3 (500 records) to 'customers'.
2026-03-19 16:57:58,188 [DEBUG]   Upserted batch 4 (500 records) to 'customers'.
2026-03-19 16:57:58,662 [DEBUG]   Upserted batch 5 (500 records) to 'customers'.
2026-03-19 16:57:59,113 [DEBUG]   Upserted batch 6 (500 records) to 'customers'.
2026-03-19 16:57:59,591 [DEBUG]   Upserted batch 7 (500 records) to 'customers'.
2026-03-19 16:58:00,065 [DEBUG]   Upserted batch 8 (500 records) to 'customers'.
2026-03-19 16:58:00,511 [DEBUG]   Upserted batch 9 (500 records) to 'customers'.
2026-03-19 16:58:00,970 [DEBUG]   Upserted batch 10 (500 records) to 'customers'.
2026-03-19 16:58:01,484 [DEBUG]   Upserted batch 11 (500 records) to 'customers'.
2026-03-19 16:58:01,915 [DEBUG]   Upserted batch 12 (500 records) to 'customers'.
2026-03-19 16:58:02,390 [DEBUG]   Upserted batch 13 (500 records) to 'customers'.
2026-03-19 16:58:02,829 [DEBUG]   Upserted batch 14 (500 records) to 'customers'.
2026-03-19 16:58:03,258 [DEBUG]   Upserted batch 15 (500 records) to 'customers'.
2026-03-19 16:58:03,679 [DEBUG]   Upserted batch 16 (500 records) to 'customers'.
2026-03-19 16:58:04,133 [DEBUG]   Upserted batch 17 (500 records) to 'customers'.
2026-03-19 16:58:04,777 [DEBUG]   Upserted batch 18 (500 records) to 'customers'.
2026-03-19 16:58:05,219 [DEBUG]   Upserted batch 19 (480 records) to 'customers'.
2026-03-19 16:58:05,219 [INFO]   Customers synced: 9480
2026-03-19 16:58:05,221 [INFO] --- Syncing contacts ---
2026-03-19 16:58:05,270 [INFO]   Fetched 6016 contact rows from Synergy.
2026-03-19 16:58:05,604 [DEBUG]   Skipped 5122 contacts with no matching customer in Supabase.
2026-03-19 16:58:05,943 [ERROR] Contact sync failed: Supabase upsert to 'contacts' failed [400]: {"code":"42P10","details":null,"hint":null,"message":"there is no unique or exclusion constraint matching the ON CONFLICT specification"}
Traceback (most recent call last):
  File "C:\Users\Caleb Lindsey\Desktop\pm-scheduler\scripts\sync\synergy-sync.py", line 436, in main
    count = sync_contacts(erp_conn, known_tables)
  File "C:\Users\Caleb Lindsey\Desktop\pm-scheduler\scripts\sync\synergy-sync.py", line 362, in sync_contacts
    count = upsert_in_batches(upsertable, "contacts")
  File "C:\Users\Caleb Lindsey\Desktop\pm-scheduler\scripts\sync\synergy-sync.py", line 130, in upsert_in_batches
    count = supabase_upsert(table, batch)
  File "C:\Users\Caleb Lindsey\Desktop\pm-scheduler\scripts\sync\synergy-sync.py", line 115, in supabase_upsert
    raise RuntimeError(
        f"Supabase upsert to '{table}' failed [{response.status_code}]: {response.text[:500]}"
    )
RuntimeError: Supabase upsert to 'contacts' failed [400]: {"code":"42P10","details":null,"hint":null,"message":"there is no unique or exclusion constraint matching the ON CONFLICT specification"}
2026-03-19 16:58:05,947 [INFO] --- Syncing products ---
2026-03-19 16:58:06,035 [INFO]   Fetched 12961 product rows from Synergy.
2026-03-19 16:58:06,529 [DEBUG]   Upserted batch 1 (500 records) to 'products'.
2026-03-19 16:58:06,951 [DEBUG]   Upserted batch 2 (500 records) to 'products'.
2026-03-19 16:58:07,378 [DEBUG]   Upserted batch 3 (500 records) to 'products'.
2026-03-19 16:58:07,826 [DEBUG]   Upserted batch 4 (500 records) to 'products'.
2026-03-19 16:58:08,263 [DEBUG]   Upserted batch 5 (500 records) to 'products'.
2026-03-19 16:58:08,690 [DEBUG]   Upserted batch 6 (500 records) to 'products'.
2026-03-19 16:58:09,122 [DEBUG]   Upserted batch 7 (500 records) to 'products'.
2026-03-19 16:58:09,539 [DEBUG]   Upserted batch 8 (500 records) to 'products'.
2026-03-19 16:58:09,915 [DEBUG]   Upserted batch 9 (500 records) to 'products'.
2026-03-19 16:58:10,330 [DEBUG]   Upserted batch 10 (500 records) to 'products'.
2026-03-19 16:58:10,679 [DEBUG]   Upserted batch 11 (500 records) to 'products'.
2026-03-19 16:58:11,090 [DEBUG]   Upserted batch 12 (500 records) to 'products'.
2026-03-19 16:58:11,543 [DEBUG]   Upserted batch 13 (500 records) to 'products'.
2026-03-19 16:58:11,973 [DEBUG]   Upserted batch 14 (500 records) to 'products'.
2026-03-19 16:58:12,385 [DEBUG]   Upserted batch 15 (500 records) to 'products'.
2026-03-19 16:58:12,813 [DEBUG]   Upserted batch 16 (500 records) to 'products'.
2026-03-19 16:58:13,240 [DEBUG]   Upserted batch 17 (500 records) to 'products'.
2026-03-19 16:58:13,602 [DEBUG]   Upserted batch 18 (500 records) to 'products'.
2026-03-19 16:58:13,947 [DEBUG]   Upserted batch 19 (500 records) to 'products'.
2026-03-19 16:58:14,378 [DEBUG]   Upserted batch 20 (500 records) to 'products'.
2026-03-19 16:58:14,797 [DEBUG]   Upserted batch 21 (500 records) to 'products'.
2026-03-19 16:58:15,228 [DEBUG]   Upserted batch 22 (500 records) to 'products'.
2026-03-19 16:58:15,669 [DEBUG]   Upserted batch 23 (500 records) to 'products'.
2026-03-19 16:58:16,104 [DEBUG]   Upserted batch 24 (500 records) to 'products'.
2026-03-19 16:58:16,529 [DEBUG]   Upserted batch 25 (500 records) to 'products'.
2026-03-19 16:58:16,971 [DEBUG]   Upserted batch 26 (461 records) to 'products'.
2026-03-19 16:58:16,971 [INFO]   Products synced: 12961
2026-03-19 16:58:16,972 [DEBUG] ERP connection closed.
2026-03-19 16:58:16,972 [ERROR] Sync completed with failures: contacts: Supabase upsert to 'contacts' failed [400]: {"code":"42P10","details":null,"hint":null,"message":"there is no unique or exclusion constraint matching the ON CONFLICT specification"}
2026-03-19 16:58:16,972 [INFO] Total records synced before failure(s): 22441
2026-03-19 16:58:46,018 [INFO] ============================================================
2026-03-19 16:58:46,018 [INFO] PM Scheduler — Nightly Synergy Sync starting
2026-03-19 16:58:46,018 [INFO] ============================================================
2026-03-19 16:58:46,334 [DEBUG] sync_log row created: id=5
2026-03-19 16:58:46,334 [INFO] Connecting to SynergyERP via ODBC DSN 'ERPlinked'...
2026-03-19 16:58:46,346 [INFO] Connected.
2026-03-19 16:58:46,352 [INFO] Discovered ERP tables: ['a80vm', 'abcdata', 'alertcostchange', 'alertdata', 'alertheader', 'alerttrailer', 'alerttype', 'altvend', 'apdeta', 'apdeth', 'apdetl', 'apdetm', 'appoh', 'appohh', 'appol', 'arproof', 'artermcode', 'arup', 'bomfle', 'bowork', 'brktbl', 'buyer', 'callnotes', 'ccodes', 'collagent', 'commhead', 'commodity', 'contlist', 'contnotes', 'contracth', 'contwt', 'costhist', 'cpicust', 'cpidet', 'cpihead', 'cslkeywrd', 'cslsales', 'cszone', 'ctwtaccum', 'ctwtaccumh', 'cust', 'custcat', 'custcont', 'custcrhist', 'custgrp', 'custnotes', 'custprdmsg', 'custshnote', 'custsls', 'custtax', 'deals', 'deptfle', 'deptslscur', 'divifle', 'docdeliv', 'entdby', 'fifolot', 'fifotrans', 'formbatch', 'formheader', 'formheaderdata', 'formline', 'formlinedata', 'formtotaldata', 'formtype', 'glmaster', 'invcost', 'invh', 'invl', 'invltag', 'invm', 'invs', 'invt', 'invtrans', 'itemhist', 'lastprice', 'matcode', 'msdfle', 'msdshist', 'nstkdesc', 'pickedby', 'poctfle', 'pohead', 'poheadh', 'poline', 'polineh', 'poltag', 'pom', 'pomiscchrg', 'pomsgh', 'ponstkh', 'prdkeywrd', 'prod', 'prodgroup', 'prodloc', 'prodsls', 'produda', 'prodwhse', 'prodwhstat', 'progaccess', 'progaccess_parameter', 'pserlno', 'pwsales', 'qoh', 'qol', 'qom', 'qordlkitl', 'qos', 'qot', 'rcontracth', 'rebatedtl', 'rebtnotes', 'replenh', 'replenl', 'reportcolumnheaders', 'reportdata', 'reportheader', 'rfpickq', 'rfpickqh', 'roh', 'rolnew', 'roltag', 'rom', 'ros', 'rot', 'saract', 'saractf', 'sardetl', 'sardetlh', 'shiplist', 'simpleviewcharts', 'simpleviewfilter', 'simpleviewfilterfields', 'simpleviewobj', 'sllstprice', 'slscurr', 'slsmsls', 'sorce', 'sordcash', 'sordcashh', 'sordlkith', 'sordlkitl', 'sordlot', 'sotibatch', 'sotiorderattachment', 'sotiorderdetail', 'sotiorderheader', 'sotiproductdetail', 'specmsg', 'specprice', 'sprodcatgy', 'sprodlot', 'sslsm', 'sslsmcomm', 'sslsmcommh', 'stagitem', 'table1', 'taxcode', 'txitemsaleshistorybycustomermonthsumpc1', 'txitemsaleshistorybycustomermonthsumpc1pivot', 'txitemsaleshistorybycustomermonthsumpc1pivotsum', 'txitemsaleshistseqmonths1', 'txitemsalesinperiodbuckets', 'txitemsalesperiodbucketssum0x', 'txitemsalesperiodbucketssumpercent', 'txitemsalesperiodbucketssumx', 'txitemsalesperiodbucketssumxx', 'txprodwhsetotalspinstk4venuom', 'upcxref', 'usercntrl', 'usrdefcat', 'vendgrp', 'vendrebate', 'vendtag', 'vendwhse', 'vwaccountspayable', 'vwaccountsreceivable', 'vwcustomer', 'vwcustomerdifferentbillto', 'vwcustomersalesorderhistory', 'vwinvoicehistory', 'vwinvoicehistorylines', 'vwlastprice', 'vwlostsales', 'vwopenorders', 'vwordership', 'vwordersourceanalysis', 'vwpricebook', 'vwproduct', 'vwproductinventory', 'vwproductprice', 'vwproductsales', 'vwpurchaseorders', 'vwrebates', 'vwsalesorder', 'vwsalesorder2', 'vwsalesperson', 'vwsalestotalsthisyearvslastyear', 'vwshiplist', 'vwsourcecomparison_avggrossprofit', 'vwsourcecomparison_avgsales', 'vwsourcecomparison_cost', 'vwsourcecomparison_grossprofit', 'vwsourcecomparison_invoice', 'vwsourcecomparison_sale', 'vwvendor', 'vwxaranalysis', 'vwxaranalysis2', 'vwxaranalysis_30', 'vwxaranalysis_45', 'vwxaranalysis_60', 'vwxaranalysis_90', 'vwxaranalysis_current', 'vwxardetail', 'vwxarlessthan30days', 'vwxbottom10customersbymerchandisedollars', 'vwxbottom10customersbyprofitdollars', 'vwxbottom10productsbymerchandisedollars', 'vwxbottom10productsbyprofitdollars', 'vwxbottom10salesmanbymerchandisedollars', 'vwxbottom10salesmanbyprofitdollars', 'vwxbottom10vendorsbymerchandisedollars', 'vwxbottom10vendorsbyprofitdollars', 'vwxchartdata', 'vwxdivisiontotalsbyprofitdollars', 'vwxproductanalysis', 'vwxproductanalysisdetail', 'vwxsaleshistory', 'vwxsaleshistory2', 'vwxtop10customersbymerchandisedollars', 'vwxtop10customersbyprofitdollars', 'vwxtop10productsbymerchandisedollars', 'vwxtop10productsbyprofitdollars', 'vwxtop10salesmanbymerchandisedollars', 'vwxtop10salesmanbyprofitdollars', 'vwxtop10vendorsbymerchandisedollars', 'vwxtop10vendorsbyprofitdollars', 'vwxwarehousetotalsbyprofitdollars', 'vxitemsaleshistbymonthcust', 'vxitemsaleshistorybycustomermonthsum', 'vxitemsaleshistorybycustomermonthsumpc1', 'vxitemsaleshistorybycustomermonthsumpc1pivot', 'vxitemsaleshistorybycustomermonthsumpc1pivotsum', 'vxitemsaleshistorybycustomermonthsumpc5', 'vxitemsaleshistorybymonthsum', 'vxitemsaleshistseqmonths1', 'vxitemsalesinperiodbucketssum', 'vxitemsalesinperiodbucketssumpercent', 'vxitemsalesperiodbucketssumxsum', 'vxpinsock', 'vxproductsalesmen2', 'vxprodwhsetotals', 'vxprodwhsetotalspinstk4', 'vxprodwhsetotalspinstk4venuom', 'vxwarehousestock', 'vxwarehousestocktotal', 'weeklysls', 'whinfo', 'wohfle', 'wohist', 'wohistl', 'wolfle', 'wos_t_machine', 'wos_t_machineruntime', 'wos_t_machresallocation', 'wos_t_machresource', 'wos_t_reports', 'wos_t_resource', 'wos_t_resusers', 'wos_t_resusers_1', 'wos_t_rptparm', 'wos_t_user', 'wos_t_womachinedata', 'wos_t_woschedule', 'wos_t_wosschedmod', 'wos_t_wosstatus', 'wos_t_wouserdata', 'zonefle']
2026-03-19 16:58:46,352 [INFO] --- Syncing customers ---
2026-03-19 16:58:46,467 [INFO]   Fetched 9480 customer rows from Synergy.
2026-03-19 16:58:46,965 [DEBUG]   Upserted batch 1 (500 records) to 'customers'.
2026-03-19 16:58:47,472 [DEBUG]   Upserted batch 2 (500 records) to 'customers'.
2026-03-19 16:58:47,900 [DEBUG]   Upserted batch 3 (500 records) to 'customers'.
2026-03-19 16:58:48,447 [DEBUG]   Upserted batch 4 (500 records) to 'customers'.
2026-03-19 16:58:48,918 [DEBUG]   Upserted batch 5 (500 records) to 'customers'.
2026-03-19 16:58:49,374 [DEBUG]   Upserted batch 6 (500 records) to 'customers'.
2026-03-19 16:58:49,811 [DEBUG]   Upserted batch 7 (500 records) to 'customers'.
2026-03-19 16:58:50,266 [DEBUG]   Upserted batch 8 (500 records) to 'customers'.
2026-03-19 16:58:50,690 [DEBUG]   Upserted batch 9 (500 records) to 'customers'.
2026-03-19 16:58:51,143 [DEBUG]   Upserted batch 10 (500 records) to 'customers'.
2026-03-19 16:58:51,565 [DEBUG]   Upserted batch 11 (500 records) to 'customers'.
2026-03-19 16:58:52,085 [DEBUG]   Upserted batch 12 (500 records) to 'customers'.
2026-03-19 16:58:52,521 [DEBUG]   Upserted batch 13 (500 records) to 'customers'.
2026-03-19 16:58:52,971 [DEBUG]   Upserted batch 14 (500 records) to 'customers'.
2026-03-19 16:58:53,418 [DEBUG]   Upserted batch 15 (500 records) to 'customers'.
2026-03-19 16:58:53,949 [DEBUG]   Upserted batch 16 (500 records) to 'customers'.
2026-03-19 16:58:54,391 [DEBUG]   Upserted batch 17 (500 records) to 'customers'.
2026-03-19 16:58:54,822 [DEBUG]   Upserted batch 18 (500 records) to 'customers'.
2026-03-19 16:58:55,239 [DEBUG]   Upserted batch 19 (480 records) to 'customers'.
2026-03-19 16:58:55,239 [INFO]   Customers synced: 9480
2026-03-19 16:58:55,241 [INFO] --- Syncing contacts ---
2026-03-19 16:58:55,289 [INFO]   Fetched 6016 contact rows from Synergy.
2026-03-19 16:58:55,612 [DEBUG]   Skipped 5083 contacts with no matching customer in Supabase.
2026-03-19 16:58:55,918 [DEBUG]   Cleared existing contacts before re-insert.
2026-03-19 16:58:56,266 [ERROR] Contact sync failed: Supabase upsert to 'contacts' failed [400]: {"code":"42P10","details":null,"hint":null,"message":"there is no unique or exclusion constraint matching the ON CONFLICT specification"}
Traceback (most recent call last):
  File "C:\Users\Caleb Lindsey\Desktop\pm-scheduler\scripts\sync\synergy-sync.py", line 452, in main
    count = sync_contacts(erp_conn, known_tables)
  File "C:\Users\Caleb Lindsey\Desktop\pm-scheduler\scripts\sync\synergy-sync.py", line 378, in sync_contacts
    count = upsert_in_batches(insertable, "contacts")
  File "C:\Users\Caleb Lindsey\Desktop\pm-scheduler\scripts\sync\synergy-sync.py", line 130, in upsert_in_batches
    count = supabase_upsert(table, batch)
  File "C:\Users\Caleb Lindsey\Desktop\pm-scheduler\scripts\sync\synergy-sync.py", line 115, in supabase_upsert
    raise RuntimeError(
        f"Supabase upsert to '{table}' failed [{response.status_code}]: {response.text[:500]}"
    )
RuntimeError: Supabase upsert to 'contacts' failed [400]: {"code":"42P10","details":null,"hint":null,"message":"there is no unique or exclusion constraint matching the ON CONFLICT specification"}
2026-03-19 16:58:56,268 [INFO] --- Syncing products ---
2026-03-19 16:58:56,355 [INFO]   Fetched 12961 product rows from Synergy.
2026-03-19 16:58:56,799 [DEBUG]   Upserted batch 1 (500 records) to 'products'.
2026-03-19 16:58:57,264 [DEBUG]   Upserted batch 2 (500 records) to 'products'.
2026-03-19 16:58:57,698 [DEBUG]   Upserted batch 3 (500 records) to 'products'.
2026-03-19 16:58:58,146 [DEBUG]   Upserted batch 4 (500 records) to 'products'.
2026-03-19 16:58:58,565 [DEBUG]   Upserted batch 5 (500 records) to 'products'.
2026-03-19 16:58:58,995 [DEBUG]   Upserted batch 6 (500 records) to 'products'.
2026-03-19 16:58:59,398 [DEBUG]   Upserted batch 7 (500 records) to 'products'.
2026-03-19 16:58:59,841 [DEBUG]   Upserted batch 8 (500 records) to 'products'.
2026-03-19 16:59:00,179 [DEBUG]   Upserted batch 9 (500 records) to 'products'.
2026-03-19 16:59:00,617 [DEBUG]   Upserted batch 10 (500 records) to 'products'.
2026-03-19 16:59:01,044 [DEBUG]   Upserted batch 11 (500 records) to 'products'.
2026-03-19 16:59:01,446 [DEBUG]   Upserted batch 12 (500 records) to 'products'.
2026-03-19 16:59:01,873 [DEBUG]   Upserted batch 13 (500 records) to 'products'.
2026-03-19 16:59:02,232 [DEBUG]   Upserted batch 14 (500 records) to 'products'.
2026-03-19 16:59:02,663 [DEBUG]   Upserted batch 15 (500 records) to 'products'.
2026-03-19 16:59:03,097 [DEBUG]   Upserted batch 16 (500 records) to 'products'.
2026-03-19 16:59:03,530 [DEBUG]   Upserted batch 17 (500 records) to 'products'.
2026-03-19 16:59:03,898 [DEBUG]   Upserted batch 18 (500 records) to 'products'.
2026-03-19 16:59:04,265 [DEBUG]   Upserted batch 19 (500 records) to 'products'.
2026-03-19 16:59:04,689 [DEBUG]   Upserted batch 20 (500 records) to 'products'.
2026-03-19 16:59:05,219 [DEBUG]   Upserted batch 21 (500 records) to 'products'.
2026-03-19 16:59:05,636 [DEBUG]   Upserted batch 22 (500 records) to 'products'.
2026-03-19 16:59:06,084 [DEBUG]   Upserted batch 23 (500 records) to 'products'.
2026-03-19 16:59:06,526 [DEBUG]   Upserted batch 24 (500 records) to 'products'.
2026-03-19 16:59:06,936 [DEBUG]   Upserted batch 25 (500 records) to 'products'.
2026-03-19 16:59:07,344 [DEBUG]   Upserted batch 26 (461 records) to 'products'.
2026-03-19 16:59:07,344 [INFO]   Products synced: 12961
2026-03-19 16:59:07,345 [DEBUG] ERP connection closed.
2026-03-19 16:59:07,345 [ERROR] Sync completed with failures: contacts: Supabase upsert to 'contacts' failed [400]: {"code":"42P10","details":null,"hint":null,"message":"there is no unique or exclusion constraint matching the ON CONFLICT specification"}
2026-03-19 16:59:07,345 [INFO] Total records synced before failure(s): 22441
2026-03-19 16:59:34,363 [INFO] ============================================================
2026-03-19 16:59:34,363 [INFO] PM Scheduler — Nightly Synergy Sync starting
2026-03-19 16:59:34,364 [INFO] ============================================================
2026-03-19 16:59:34,723 [DEBUG] sync_log row created: id=6
2026-03-19 16:59:34,723 [INFO] Connecting to SynergyERP via ODBC DSN 'ERPlinked'...
2026-03-19 16:59:34,736 [INFO] Connected.
2026-03-19 16:59:34,741 [INFO] Discovered ERP tables: ['a80vm', 'abcdata', 'alertcostchange', 'alertdata', 'alertheader', 'alerttrailer', 'alerttype', 'altvend', 'apdeta', 'apdeth', 'apdetl', 'apdetm', 'appoh', 'appohh', 'appol', 'arproof', 'artermcode', 'arup', 'bomfle', 'bowork', 'brktbl', 'buyer', 'callnotes', 'ccodes', 'collagent', 'commhead', 'commodity', 'contlist', 'contnotes', 'contracth', 'contwt', 'costhist', 'cpicust', 'cpidet', 'cpihead', 'cslkeywrd', 'cslsales', 'cszone', 'ctwtaccum', 'ctwtaccumh', 'cust', 'custcat', 'custcont', 'custcrhist', 'custgrp', 'custnotes', 'custprdmsg', 'custshnote', 'custsls', 'custtax', 'deals', 'deptfle', 'deptslscur', 'divifle', 'docdeliv', 'entdby', 'fifolot', 'fifotrans', 'formbatch', 'formheader', 'formheaderdata', 'formline', 'formlinedata', 'formtotaldata', 'formtype', 'glmaster', 'invcost', 'invh', 'invl', 'invltag', 'invm', 'invs', 'invt', 'invtrans', 'itemhist', 'lastprice', 'matcode', 'msdfle', 'msdshist', 'nstkdesc', 'pickedby', 'poctfle', 'pohead', 'poheadh', 'poline', 'polineh', 'poltag', 'pom', 'pomiscchrg', 'pomsgh', 'ponstkh', 'prdkeywrd', 'prod', 'prodgroup', 'prodloc', 'prodsls', 'produda', 'prodwhse', 'prodwhstat', 'progaccess', 'progaccess_parameter', 'pserlno', 'pwsales', 'qoh', 'qol', 'qom', 'qordlkitl', 'qos', 'qot', 'rcontracth', 'rebatedtl', 'rebtnotes', 'replenh', 'replenl', 'reportcolumnheaders', 'reportdata', 'reportheader', 'rfpickq', 'rfpickqh', 'roh', 'rolnew', 'roltag', 'rom', 'ros', 'rot', 'saract', 'saractf', 'sardetl', 'sardetlh', 'shiplist', 'simpleviewcharts', 'simpleviewfilter', 'simpleviewfilterfields', 'simpleviewobj', 'sllstprice', 'slscurr', 'slsmsls', 'sorce', 'sordcash', 'sordcashh', 'sordlkith', 'sordlkitl', 'sordlot', 'sotibatch', 'sotiorderattachment', 'sotiorderdetail', 'sotiorderheader', 'sotiproductdetail', 'specmsg', 'specprice', 'sprodcatgy', 'sprodlot', 'sslsm', 'sslsmcomm', 'sslsmcommh', 'stagitem', 'table1', 'taxcode', 'txitemsaleshistorybycustomermonthsumpc1', 'txitemsaleshistorybycustomermonthsumpc1pivot', 'txitemsaleshistorybycustomermonthsumpc1pivotsum', 'txitemsaleshistseqmonths1', 'txitemsalesinperiodbuckets', 'txitemsalesperiodbucketssum0x', 'txitemsalesperiodbucketssumpercent', 'txitemsalesperiodbucketssumx', 'txitemsalesperiodbucketssumxx', 'txprodwhsetotalspinstk4venuom', 'upcxref', 'usercntrl', 'usrdefcat', 'vendgrp', 'vendrebate', 'vendtag', 'vendwhse', 'vwaccountspayable', 'vwaccountsreceivable', 'vwcustomer', 'vwcustomerdifferentbillto', 'vwcustomersalesorderhistory', 'vwinvoicehistory', 'vwinvoicehistorylines', 'vwlastprice', 'vwlostsales', 'vwopenorders', 'vwordership', 'vwordersourceanalysis', 'vwpricebook', 'vwproduct', 'vwproductinventory', 'vwproductprice', 'vwproductsales', 'vwpurchaseorders', 'vwrebates', 'vwsalesorder', 'vwsalesorder2', 'vwsalesperson', 'vwsalestotalsthisyearvslastyear', 'vwshiplist', 'vwsourcecomparison_avggrossprofit', 'vwsourcecomparison_avgsales', 'vwsourcecomparison_cost', 'vwsourcecomparison_grossprofit', 'vwsourcecomparison_invoice', 'vwsourcecomparison_sale', 'vwvendor', 'vwxaranalysis', 'vwxaranalysis2', 'vwxaranalysis_30', 'vwxaranalysis_45', 'vwxaranalysis_60', 'vwxaranalysis_90', 'vwxaranalysis_current', 'vwxardetail', 'vwxarlessthan30days', 'vwxbottom10customersbymerchandisedollars', 'vwxbottom10customersbyprofitdollars', 'vwxbottom10productsbymerchandisedollars', 'vwxbottom10productsbyprofitdollars', 'vwxbottom10salesmanbymerchandisedollars', 'vwxbottom10salesmanbyprofitdollars', 'vwxbottom10vendorsbymerchandisedollars', 'vwxbottom10vendorsbyprofitdollars', 'vwxchartdata', 'vwxdivisiontotalsbyprofitdollars', 'vwxproductanalysis', 'vwxproductanalysisdetail', 'vwxsaleshistory', 'vwxsaleshistory2', 'vwxtop10customersbymerchandisedollars', 'vwxtop10customersbyprofitdollars', 'vwxtop10productsbymerchandisedollars', 'vwxtop10productsbyprofitdollars', 'vwxtop10salesmanbymerchandisedollars', 'vwxtop10salesmanbyprofitdollars', 'vwxtop10vendorsbymerchandisedollars', 'vwxtop10vendorsbyprofitdollars', 'vwxwarehousetotalsbyprofitdollars', 'vxitemsaleshistbymonthcust', 'vxitemsaleshistorybycustomermonthsum', 'vxitemsaleshistorybycustomermonthsumpc1', 'vxitemsaleshistorybycustomermonthsumpc1pivot', 'vxitemsaleshistorybycustomermonthsumpc1pivotsum', 'vxitemsaleshistorybycustomermonthsumpc5', 'vxitemsaleshistorybymonthsum', 'vxitemsaleshistseqmonths1', 'vxitemsalesinperiodbucketssum', 'vxitemsalesinperiodbucketssumpercent', 'vxitemsalesperiodbucketssumxsum', 'vxpinsock', 'vxproductsalesmen2', 'vxprodwhsetotals', 'vxprodwhsetotalspinstk4', 'vxprodwhsetotalspinstk4venuom', 'vxwarehousestock', 'vxwarehousestocktotal', 'weeklysls', 'whinfo', 'wohfle', 'wohist', 'wohistl', 'wolfle', 'wos_t_machine', 'wos_t_machineruntime', 'wos_t_machresallocation', 'wos_t_machresource', 'wos_t_reports', 'wos_t_resource', 'wos_t_resusers', 'wos_t_resusers_1', 'wos_t_rptparm', 'wos_t_user', 'wos_t_womachinedata', 'wos_t_woschedule', 'wos_t_wosschedmod', 'wos_t_wosstatus', 'wos_t_wouserdata', 'zonefle']
2026-03-19 16:59:34,741 [INFO] --- Syncing customers ---
2026-03-19 16:59:34,856 [INFO]   Fetched 9480 customer rows from Synergy.
2026-03-19 16:59:35,335 [DEBUG]   Upserted batch 1 (500 records) to 'customers'.
2026-03-19 16:59:35,787 [DEBUG]   Upserted batch 2 (500 records) to 'customers'.
2026-03-19 16:59:36,327 [DEBUG]   Upserted batch 3 (500 records) to 'customers'.
2026-03-19 16:59:36,761 [DEBUG]   Upserted batch 4 (500 records) to 'customers'.
2026-03-19 16:59:37,237 [DEBUG]   Upserted batch 5 (500 records) to 'customers'.
2026-03-19 16:59:37,706 [DEBUG]   Upserted batch 6 (500 records) to 'customers'.
2026-03-19 16:59:38,172 [DEBUG]   Upserted batch 7 (500 records) to 'customers'.
2026-03-19 16:59:38,648 [DEBUG]   Upserted batch 8 (500 records) to 'customers'.
2026-03-19 16:59:39,100 [DEBUG]   Upserted batch 9 (500 records) to 'customers'.
2026-03-19 16:59:39,539 [DEBUG]   Upserted batch 10 (500 records) to 'customers'.
2026-03-19 16:59:39,966 [DEBUG]   Upserted batch 11 (500 records) to 'customers'.
2026-03-19 16:59:40,437 [DEBUG]   Upserted batch 12 (500 records) to 'customers'.
2026-03-19 16:59:40,900 [DEBUG]   Upserted batch 13 (500 records) to 'customers'.
2026-03-19 16:59:41,351 [DEBUG]   Upserted batch 14 (500 records) to 'customers'.
2026-03-19 16:59:41,790 [DEBUG]   Upserted batch 15 (500 records) to 'customers'.
2026-03-19 16:59:42,222 [DEBUG]   Upserted batch 16 (500 records) to 'customers'.
2026-03-19 16:59:42,692 [DEBUG]   Upserted batch 17 (500 records) to 'customers'.
2026-03-19 16:59:43,152 [DEBUG]   Upserted batch 18 (500 records) to 'customers'.
2026-03-19 16:59:43,569 [DEBUG]   Upserted batch 19 (480 records) to 'customers'.
2026-03-19 16:59:43,570 [INFO]   Customers synced: 9480
2026-03-19 16:59:43,572 [INFO] --- Syncing contacts ---
2026-03-19 16:59:43,620 [INFO]   Fetched 6016 contact rows from Synergy.
2026-03-19 16:59:43,914 [DEBUG]   Skipped 5535 contacts with no matching customer in Supabase.
2026-03-19 16:59:44,205 [DEBUG]   Cleared existing contacts before re-insert.
2026-03-19 16:59:44,590 [ERROR] Contact sync failed: Supabase upsert to 'contacts' failed [409]: {"code":"23505","details":"Key (synergy_id)=(228-1) already exists.","hint":null,"message":"duplicate key value violates unique constraint \"idx_contacts_synergy_id\""}
Traceback (most recent call last):
  File "C:\Users\Caleb Lindsey\Desktop\pm-scheduler\scripts\sync\synergy-sync.py", line 454, in main
    count = sync_contacts(erp_conn, known_tables)
  File "C:\Users\Caleb Lindsey\Desktop\pm-scheduler\scripts\sync\synergy-sync.py", line 380, in sync_contacts
    count = upsert_in_batches(insertable, "contacts", on_conflict=None)
  File "C:\Users\Caleb Lindsey\Desktop\pm-scheduler\scripts\sync\synergy-sync.py", line 132, in upsert_in_batches
    count = supabase_upsert(table, batch, on_conflict=on_conflict)
  File "C:\Users\Caleb Lindsey\Desktop\pm-scheduler\scripts\sync\synergy-sync.py", line 117, in supabase_upsert
    raise RuntimeError(
        f"Supabase upsert to '{table}' failed [{response.status_code}]: {response.text[:500]}"
    )
RuntimeError: Supabase upsert to 'contacts' failed [409]: {"code":"23505","details":"Key (synergy_id)=(228-1) already exists.","hint":null,"message":"duplicate key value violates unique constraint \"idx_contacts_synergy_id\""}
2026-03-19 16:59:44,592 [INFO] --- Syncing products ---
2026-03-19 16:59:44,680 [INFO]   Fetched 12961 product rows from Synergy.
2026-03-19 16:59:45,140 [DEBUG]   Upserted batch 1 (500 records) to 'products'.
2026-03-19 16:59:45,549 [DEBUG]   Upserted batch 2 (500 records) to 'products'.
2026-03-19 16:59:45,966 [DEBUG]   Upserted batch 3 (500 records) to 'products'.
2026-03-19 16:59:46,398 [DEBUG]   Upserted batch 4 (500 records) to 'products'.
2026-03-19 16:59:46,910 [DEBUG]   Upserted batch 5 (500 records) to 'products'.
2026-03-19 16:59:47,392 [DEBUG]   Upserted batch 6 (500 records) to 'products'.
2026-03-19 16:59:47,843 [DEBUG]   Upserted batch 7 (500 records) to 'products'.
2026-03-19 16:59:48,351 [DEBUG]   Upserted batch 8 (500 records) to 'products'.
2026-03-19 16:59:48,725 [DEBUG]   Upserted batch 9 (500 records) to 'products'.
2026-03-19 16:59:49,143 [DEBUG]   Upserted batch 10 (500 records) to 'products'.
2026-03-19 16:59:49,566 [DEBUG]   Upserted batch 11 (500 records) to 'products'.
2026-03-19 16:59:50,014 [DEBUG]   Upserted batch 12 (500 records) to 'products'.
2026-03-19 16:59:50,456 [DEBUG]   Upserted batch 13 (500 records) to 'products'.
2026-03-19 16:59:50,825 [DEBUG]   Upserted batch 14 (500 records) to 'products'.
2026-03-19 16:59:51,347 [DEBUG]   Upserted batch 15 (500 records) to 'products'.
2026-03-19 16:59:51,769 [DEBUG]   Upserted batch 16 (500 records) to 'products'.
2026-03-19 16:59:52,221 [DEBUG]   Upserted batch 17 (500 records) to 'products'.
2026-03-19 16:59:52,564 [DEBUG]   Upserted batch 18 (500 records) to 'products'.
2026-03-19 16:59:52,935 [DEBUG]   Upserted batch 19 (500 records) to 'products'.
2026-03-19 16:59:53,378 [DEBUG]   Upserted batch 20 (500 records) to 'products'.
2026-03-19 16:59:53,811 [DEBUG]   Upserted batch 21 (500 records) to 'products'.
2026-03-19 16:59:54,215 [DEBUG]   Upserted batch 22 (500 records) to 'products'.
2026-03-19 16:59:54,643 [DEBUG]   Upserted batch 23 (500 records) to 'products'.
2026-03-19 16:59:55,110 [DEBUG]   Upserted batch 24 (500 records) to 'products'.
2026-03-19 16:59:55,553 [DEBUG]   Upserted batch 25 (500 records) to 'products'.
2026-03-19 16:59:55,980 [DEBUG]   Upserted batch 26 (461 records) to 'products'.
2026-03-19 16:59:55,980 [INFO]   Products synced: 12961
2026-03-19 16:59:55,981 [DEBUG] ERP connection closed.
2026-03-19 16:59:55,982 [ERROR] Sync completed with failures: contacts: Supabase upsert to 'contacts' failed [409]: {"code":"23505","details":"Key (synergy_id)=(228-1) already exists.","hint":null,"message":"duplicate key value violates unique constraint \"idx_contacts_synergy_id\""}
2026-03-19 16:59:55,982 [INFO] Total records synced before failure(s): 22441
2026-03-19 17:00:36,366 [INFO] ============================================================
2026-03-19 17:00:36,366 [INFO] PM Scheduler — Nightly Synergy Sync starting
2026-03-19 17:00:36,366 [INFO] ============================================================
2026-03-19 17:00:37,582 [DEBUG] sync_log row created: id=7
2026-03-19 17:00:37,582 [INFO] Connecting to SynergyERP via ODBC DSN 'ERPlinked'...
2026-03-19 17:00:37,594 [INFO] Connected.
2026-03-19 17:00:37,596 [INFO] Discovered ERP tables: ['a80vm', 'abcdata', 'alertcostchange', 'alertdata', 'alertheader', 'alerttrailer', 'alerttype', 'altvend', 'apdeta', 'apdeth', 'apdetl', 'apdetm', 'appoh', 'appohh', 'appol', 'arproof', 'artermcode', 'arup', 'bomfle', 'bowork', 'brktbl', 'buyer', 'callnotes', 'ccodes', 'collagent', 'commhead', 'commodity', 'contlist', 'contnotes', 'contracth', 'contwt', 'costhist', 'cpicust', 'cpidet', 'cpihead', 'cslkeywrd', 'cslsales', 'cszone', 'ctwtaccum', 'ctwtaccumh', 'cust', 'custcat', 'custcont', 'custcrhist', 'custgrp', 'custnotes', 'custprdmsg', 'custshnote', 'custsls', 'custtax', 'deals', 'deptfle', 'deptslscur', 'divifle', 'docdeliv', 'entdby', 'fifolot', 'fifotrans', 'formbatch', 'formheader', 'formheaderdata', 'formline', 'formlinedata', 'formtotaldata', 'formtype', 'glmaster', 'invcost', 'invh', 'invl', 'invltag', 'invm', 'invs', 'invt', 'invtrans', 'itemhist', 'lastprice', 'matcode', 'msdfle', 'msdshist', 'nstkdesc', 'pickedby', 'poctfle', 'pohead', 'poheadh', 'poline', 'polineh', 'poltag', 'pom', 'pomiscchrg', 'pomsgh', 'ponstkh', 'prdkeywrd', 'prod', 'prodgroup', 'prodloc', 'prodsls', 'produda', 'prodwhse', 'prodwhstat', 'progaccess', 'progaccess_parameter', 'pserlno', 'pwsales', 'qoh', 'qol', 'qom', 'qordlkitl', 'qos', 'qot', 'rcontracth', 'rebatedtl', 'rebtnotes', 'replenh', 'replenl', 'reportcolumnheaders', 'reportdata', 'reportheader', 'rfpickq', 'rfpickqh', 'roh', 'rolnew', 'roltag', 'rom', 'ros', 'rot', 'saract', 'saractf', 'sardetl', 'sardetlh', 'shiplist', 'simpleviewcharts', 'simpleviewfilter', 'simpleviewfilterfields', 'simpleviewobj', 'sllstprice', 'slscurr', 'slsmsls', 'sorce', 'sordcash', 'sordcashh', 'sordlkith', 'sordlkitl', 'sordlot', 'sotibatch', 'sotiorderattachment', 'sotiorderdetail', 'sotiorderheader', 'sotiproductdetail', 'specmsg', 'specprice', 'sprodcatgy', 'sprodlot', 'sslsm', 'sslsmcomm', 'sslsmcommh', 'stagitem', 'table1', 'taxcode', 'txitemsaleshistorybycustomermonthsumpc1', 'txitemsaleshistorybycustomermonthsumpc1pivot', 'txitemsaleshistorybycustomermonthsumpc1pivotsum', 'txitemsaleshistseqmonths1', 'txitemsalesinperiodbuckets', 'txitemsalesperiodbucketssum0x', 'txitemsalesperiodbucketssumpercent', 'txitemsalesperiodbucketssumx', 'txitemsalesperiodbucketssumxx', 'txprodwhsetotalspinstk4venuom', 'upcxref', 'usercntrl', 'usrdefcat', 'vendgrp', 'vendrebate', 'vendtag', 'vendwhse', 'vwaccountspayable', 'vwaccountsreceivable', 'vwcustomer', 'vwcustomerdifferentbillto', 'vwcustomersalesorderhistory', 'vwinvoicehistory', 'vwinvoicehistorylines', 'vwlastprice', 'vwlostsales', 'vwopenorders', 'vwordership', 'vwordersourceanalysis', 'vwpricebook', 'vwproduct', 'vwproductinventory', 'vwproductprice', 'vwproductsales', 'vwpurchaseorders', 'vwrebates', 'vwsalesorder', 'vwsalesorder2', 'vwsalesperson', 'vwsalestotalsthisyearvslastyear', 'vwshiplist', 'vwsourcecomparison_avggrossprofit', 'vwsourcecomparison_avgsales', 'vwsourcecomparison_cost', 'vwsourcecomparison_grossprofit', 'vwsourcecomparison_invoice', 'vwsourcecomparison_sale', 'vwvendor', 'vwxaranalysis', 'vwxaranalysis2', 'vwxaranalysis_30', 'vwxaranalysis_45', 'vwxaranalysis_60', 'vwxaranalysis_90', 'vwxaranalysis_current', 'vwxardetail', 'vwxarlessthan30days', 'vwxbottom10customersbymerchandisedollars', 'vwxbottom10customersbyprofitdollars', 'vwxbottom10productsbymerchandisedollars', 'vwxbottom10productsbyprofitdollars', 'vwxbottom10salesmanbymerchandisedollars', 'vwxbottom10salesmanbyprofitdollars', 'vwxbottom10vendorsbymerchandisedollars', 'vwxbottom10vendorsbyprofitdollars', 'vwxchartdata', 'vwxdivisiontotalsbyprofitdollars', 'vwxproductanalysis', 'vwxproductanalysisdetail', 'vwxsaleshistory', 'vwxsaleshistory2', 'vwxtop10customersbymerchandisedollars', 'vwxtop10customersbyprofitdollars', 'vwxtop10productsbymerchandisedollars', 'vwxtop10productsbyprofitdollars', 'vwxtop10salesmanbymerchandisedollars', 'vwxtop10salesmanbyprofitdollars', 'vwxtop10vendorsbymerchandisedollars', 'vwxtop10vendorsbyprofitdollars', 'vwxwarehousetotalsbyprofitdollars', 'vxitemsaleshistbymonthcust', 'vxitemsaleshistorybycustomermonthsum', 'vxitemsaleshistorybycustomermonthsumpc1', 'vxitemsaleshistorybycustomermonthsumpc1pivot', 'vxitemsaleshistorybycustomermonthsumpc1pivotsum', 'vxitemsaleshistorybycustomermonthsumpc5', 'vxitemsaleshistorybymonthsum', 'vxitemsaleshistseqmonths1', 'vxitemsalesinperiodbucketssum', 'vxitemsalesinperiodbucketssumpercent', 'vxitemsalesperiodbucketssumxsum', 'vxpinsock', 'vxproductsalesmen2', 'vxprodwhsetotals', 'vxprodwhsetotalspinstk4', 'vxprodwhsetotalspinstk4venuom', 'vxwarehousestock', 'vxwarehousestocktotal', 'weeklysls', 'whinfo', 'wohfle', 'wohist', 'wohistl', 'wolfle', 'wos_t_machine', 'wos_t_machineruntime', 'wos_t_machresallocation', 'wos_t_machresource', 'wos_t_reports', 'wos_t_resource', 'wos_t_resusers', 'wos_t_resusers_1', 'wos_t_rptparm', 'wos_t_user', 'wos_t_womachinedata', 'wos_t_woschedule', 'wos_t_wosschedmod', 'wos_t_wosstatus', 'wos_t_wouserdata', 'zonefle']
2026-03-19 17:00:37,597 [INFO] --- Syncing customers ---
2026-03-19 17:00:37,711 [INFO]   Fetched 9480 customer rows from Synergy.
2026-03-19 17:00:38,220 [DEBUG]   Upserted batch 1 (500 records) to 'customers'.
2026-03-19 17:00:38,709 [DEBUG]   Upserted batch 2 (500 records) to 'customers'.
2026-03-19 17:00:39,162 [DEBUG]   Upserted batch 3 (500 records) to 'customers'.
2026-03-19 17:00:39,632 [DEBUG]   Upserted batch 4 (500 records) to 'customers'.
2026-03-19 17:00:40,058 [DEBUG]   Upserted batch 5 (500 records) to 'customers'.
2026-03-19 17:00:40,512 [DEBUG]   Upserted batch 6 (500 records) to 'customers'.
2026-03-19 17:00:40,960 [DEBUG]   Upserted batch 7 (500 records) to 'customers'.
2026-03-19 17:00:41,466 [DEBUG]   Upserted batch 8 (500 records) to 'customers'.
2026-03-19 17:00:41,910 [DEBUG]   Upserted batch 9 (500 records) to 'customers'.
2026-03-19 17:00:42,370 [DEBUG]   Upserted batch 10 (500 records) to 'customers'.
2026-03-19 17:00:42,794 [DEBUG]   Upserted batch 11 (500 records) to 'customers'.
2026-03-19 17:00:43,260 [DEBUG]   Upserted batch 12 (500 records) to 'customers'.
2026-03-19 17:00:43,697 [DEBUG]   Upserted batch 13 (500 records) to 'customers'.
2026-03-19 17:00:44,295 [DEBUG]   Upserted batch 14 (500 records) to 'customers'.
2026-03-19 17:00:44,981 [DEBUG]   Upserted batch 15 (500 records) to 'customers'.
2026-03-19 17:00:48,974 [DEBUG]   Upserted batch 16 (500 records) to 'customers'.
2026-03-19 17:00:50,875 [DEBUG]   Upserted batch 17 (500 records) to 'customers'.
2026-03-19 17:00:51,389 [DEBUG]   Upserted batch 18 (500 records) to 'customers'.
2026-03-19 17:00:51,934 [DEBUG]   Upserted batch 19 (480 records) to 'customers'.
2026-03-19 17:00:51,934 [INFO]   Customers synced: 9480
2026-03-19 17:00:51,936 [INFO] --- Syncing contacts ---
2026-03-19 17:00:51,984 [INFO]   Fetched 6016 contact rows from Synergy.
2026-03-19 17:00:52,340 [DEBUG]   Skipped 5196 contacts with no matching customer in Supabase.
2026-03-19 17:00:52,651 [DEBUG]   Cleared existing contacts before re-insert.
2026-03-19 17:00:53,256 [DEBUG]   Upserted batch 1 (500 records) to 'contacts'.
2026-03-19 17:00:53,599 [DEBUG]   Upserted batch 2 (261 records) to 'contacts'.
2026-03-19 17:00:53,599 [INFO]   Contacts synced: 761
2026-03-19 17:00:53,600 [INFO] --- Syncing products ---
2026-03-19 17:00:53,687 [INFO]   Fetched 12961 product rows from Synergy.
2026-03-19 17:00:54,206 [DEBUG]   Upserted batch 1 (500 records) to 'products'.
2026-03-19 17:00:54,602 [DEBUG]   Upserted batch 2 (500 records) to 'products'.
2026-03-19 17:00:55,028 [DEBUG]   Upserted batch 3 (500 records) to 'products'.
2026-03-19 17:00:55,456 [DEBUG]   Upserted batch 4 (500 records) to 'products'.
2026-03-19 17:00:56,308 [DEBUG]   Upserted batch 5 (500 records) to 'products'.
2026-03-19 17:00:56,895 [DEBUG]   Upserted batch 6 (500 records) to 'products'.
2026-03-19 17:00:57,378 [DEBUG]   Upserted batch 7 (500 records) to 'products'.
2026-03-19 17:00:57,818 [DEBUG]   Upserted batch 8 (500 records) to 'products'.
2026-03-19 17:00:58,194 [DEBUG]   Upserted batch 9 (500 records) to 'products'.
2026-03-19 17:00:58,742 [DEBUG]   Upserted batch 10 (500 records) to 'products'.
2026-03-19 17:00:59,219 [DEBUG]   Upserted batch 11 (500 records) to 'products'.
2026-03-19 17:00:59,667 [DEBUG]   Upserted batch 12 (500 records) to 'products'.
2026-03-19 17:01:03,817 [DEBUG]   Upserted batch 13 (500 records) to 'products'.
2026-03-19 17:01:04,445 [DEBUG]   Upserted batch 14 (500 records) to 'products'.
2026-03-19 17:01:06,346 [DEBUG]   Upserted batch 15 (500 records) to 'products'.
2026-03-19 17:01:06,787 [DEBUG]   Upserted batch 16 (500 records) to 'products'.
2026-03-19 17:01:07,219 [DEBUG]   Upserted batch 17 (500 records) to 'products'.
2026-03-19 17:01:07,596 [DEBUG]   Upserted batch 18 (500 records) to 'products'.
2026-03-19 17:01:07,954 [DEBUG]   Upserted batch 19 (500 records) to 'products'.
2026-03-19 17:01:08,391 [DEBUG]   Upserted batch 20 (500 records) to 'products'.
2026-03-19 17:01:08,835 [DEBUG]   Upserted batch 21 (500 records) to 'products'.
2026-03-19 17:01:09,293 [DEBUG]   Upserted batch 22 (500 records) to 'products'.
2026-03-19 17:01:09,727 [DEBUG]   Upserted batch 23 (500 records) to 'products'.
2026-03-19 17:01:10,177 [DEBUG]   Upserted batch 24 (500 records) to 'products'.
2026-03-19 17:01:10,624 [DEBUG]   Upserted batch 25 (500 records) to 'products'.
2026-03-19 17:01:11,060 [DEBUG]   Upserted batch 26 (461 records) to 'products'.
2026-03-19 17:01:11,060 [INFO]   Products synced: 12961
2026-03-19 17:01:11,062 [DEBUG] ERP connection closed.
2026-03-19 17:01:11,062 [INFO] Sync completed successfully. Total records synced: 23202
