2026-03-25 05:00:01,933 [INFO] ============================================================
2026-03-25 05:00:01,933 [INFO] PM Scheduler — Nightly Synergy Sync starting
2026-03-25 05:00:01,933 [INFO] ============================================================
2026-03-25 05:00:03,786 [DEBUG] sync_log row created: id=14
2026-03-25 05:00:03,787 [INFO] Connecting to SynergyERP via ODBC DSN 'ERPlinked'...
2026-03-25 05:00:03,847 [INFO] Connected.
2026-03-25 05:00:04,153 [INFO] Discovered 278 ERP tables.
2026-03-25 05:00:04,153 [DEBUG] Tables: ['a80vm', 'abcdata', 'alertcostchange', 'alertdata', 'alertheader', 'alerttrailer', 'alerttype', 'altvend', 'apdeta', 'apdeth', 'apdetl', 'apdetm', 'appoh', 'appohh', 'appol', 'arproof', 'artermcode', 'arup', 'bomfle', 'bowork', 'brktbl', 'buyer', 'callnotes', 'ccodes', 'collagent', 'commhead', 'commodity', 'contlist', 'contnotes', 'contracth', 'contwt', 'costhist', 'cpicust', 'cpidet', 'cpihead', 'cslkeywrd', 'cslsales', 'cszone', 'ctwtaccum', 'ctwtaccumh', 'cust', 'custcat', 'custcont', 'custcrhist', 'custgrp', 'custnotes', 'custprdmsg', 'custshnote', 'custsls', 'custtax', 'deals', 'deptfle', 'deptslscur', 'divifle', 'docdeliv', 'entdby', 'fifolot', 'fifotrans', 'formbatch', 'formheader', 'formheaderdata', 'formline', 'formlinedata', 'formtotaldata', 'formtype', 'glmaster', 'invcost', 'invh', 'invl', 'invltag', 'invm', 'invs', 'invt', 'invtrans', 'itemhist', 'lastprice', 'matcode', 'msdfle', 'msdshist', 'nstkdesc', 'pickedby', 'poctfle', 'pohead', 'poheadh', 'poline', 'polineh', 'poltag', 'pom', 'pomiscchrg', 'pomsgh', 'ponstkh', 'prdkeywrd', 'prod', 'prodgroup', 'prodloc', 'prodsls', 'produda', 'prodwhse', 'prodwhstat', 'progaccess', 'progaccess_parameter', 'pserlno', 'pwsales', 'qoh', 'qol', 'qom', 'qordlkitl', 'qos', 'qot', 'rcontracth', 'rebatedtl', 'rebtnotes', 'replenh', 'replenl', 'reportcolumnheaders', 'reportdata', 'reportheader', 'rfpickq', 'rfpickqh', 'roh', 'rolnew', 'roltag', 'rom', 'ros', 'rot', 'saract', 'saractf', 'sardetl', 'sardetlh', 'shiplist', 'simpleviewcharts', 'simpleviewfilter', 'simpleviewfilterfields', 'simpleviewobj', 'sllstprice', 'slscurr', 'slsmsls', 'sorce', 'sordcash', 'sordcashh', 'sordlkith', 'sordlkitl', 'sordlot', 'sotibatch', 'sotiorderattachment', 'sotiorderdetail', 'sotiorderheader', 'sotiproductdetail', 'specmsg', 'specprice', 'sprodcatgy', 'sprodlot', 'sslsm', 'sslsmcomm', 'sslsmcommh', 'stagitem', 'table1', 'taxcode', 'txitemsaleshistorybycustomermonthsumpc1', 'txitemsaleshistorybycustomermonthsumpc1pivot', 'txitemsaleshistorybycustomermonthsumpc1pivotsum', 'txitemsaleshistseqmonths1', 'txitemsalesinperiodbuckets', 'txitemsalesperiodbucketssum0x', 'txitemsalesperiodbucketssumpercent', 'txitemsalesperiodbucketssumx', 'txitemsalesperiodbucketssumxx', 'txprodwhsetotalspinstk4venuom', 'upcxref', 'usercntrl', 'usrdefcat', 'vendgrp', 'vendrebate', 'vendtag', 'vendwhse', 'vwaccountspayable', 'vwaccountsreceivable', 'vwcustomer', 'vwcustomerdifferentbillto', 'vwcustomersalesorderhistory', 'vwinvoicehistory', 'vwinvoicehistorylines', 'vwlastprice', 'vwlostsales', 'vwopenorders', 'vwordership', 'vwordersourceanalysis', 'vwpricebook', 'vwproduct', 'vwproductinventory', 'vwproductprice', 'vwproductsales', 'vwpurchaseorders', 'vwrebates', 'vwsalesorder', 'vwsalesorder2', 'vwsalesperson', 'vwsalestotalsthisyearvslastyear', 'vwshiplist', 'vwsourcecomparison_avggrossprofit', 'vwsourcecomparison_avgsales', 'vwsourcecomparison_cost', 'vwsourcecomparison_grossprofit', 'vwsourcecomparison_invoice', 'vwsourcecomparison_sale', 'vwvendor', 'vwxaranalysis', 'vwxaranalysis2', 'vwxaranalysis_30', 'vwxaranalysis_45', 'vwxaranalysis_60', 'vwxaranalysis_90', 'vwxaranalysis_current', 'vwxardetail', 'vwxarlessthan30days', 'vwxbottom10customersbymerchandisedollars', 'vwxbottom10customersbyprofitdollars', 'vwxbottom10productsbymerchandisedollars', 'vwxbottom10productsbyprofitdollars', 'vwxbottom10salesmanbymerchandisedollars', 'vwxbottom10salesmanbyprofitdollars', 'vwxbottom10vendorsbymerchandisedollars', 'vwxbottom10vendorsbyprofitdollars', 'vwxchartdata', 'vwxdivisiontotalsbyprofitdollars', 'vwxproductanalysis', 'vwxproductanalysisdetail', 'vwxsaleshistory', 'vwxsaleshistory2', 'vwxtop10customersbymerchandisedollars', 'vwxtop10customersbyprofitdollars', 'vwxtop10productsbymerchandisedollars', 'vwxtop10productsbyprofitdollars', 'vwxtop10salesmanbymerchandisedollars', 'vwxtop10salesmanbyprofitdollars', 'vwxtop10vendorsbymerchandisedollars', 'vwxtop10vendorsbyprofitdollars', 'vwxwarehousetotalsbyprofitdollars', 'vxitemsaleshistbymonthcust', 'vxitemsaleshistorybycustomermonthsum', 'vxitemsaleshistorybycustomermonthsumpc1', 'vxitemsaleshistorybycustomermonthsumpc1pivot', 'vxitemsaleshistorybycustomermonthsumpc1pivotsum', 'vxitemsaleshistorybycustomermonthsumpc5', 'vxitemsaleshistorybymonthsum', 'vxitemsaleshistseqmonths1', 'vxitemsalesinperiodbucketssum', 'vxitemsalesinperiodbucketssumpercent', 'vxitemsalesperiodbucketssumxsum', 'vxpinsock', 'vxproductsalesmen2', 'vxprodwhsetotals', 'vxprodwhsetotalspinstk4', 'vxprodwhsetotalspinstk4venuom', 'vxwarehousestock', 'vxwarehousestocktotal', 'weeklysls', 'whinfo', 'wohfle', 'wohist', 'wohistl', 'wolfle', 'wos_t_machine', 'wos_t_machineruntime', 'wos_t_machresallocation', 'wos_t_machresource', 'wos_t_reports', 'wos_t_resource', 'wos_t_resusers', 'wos_t_resusers_1', 'wos_t_rptparm', 'wos_t_user', 'wos_t_womachinedata', 'wos_t_woschedule', 'wos_t_wosschedmod', 'wos_t_wosstatus', 'wos_t_wouserdata', 'zonefle']
2026-03-25 05:00:04,153 [INFO] --- Syncing customers ---
2026-03-25 05:00:04,323 [INFO]   Fetched 9336 active customer rows from Synergy (inactive/closed filtered at query level).
2026-03-25 05:00:05,142 [DEBUG]   Upserted batch 1 (500 records) to 'customers'.
2026-03-25 05:00:06,305 [DEBUG]   Upserted batch 2 (500 records) to 'customers'.
2026-03-25 05:00:07,199 [DEBUG]   Upserted batch 3 (500 records) to 'customers'.
2026-03-25 05:00:07,949 [DEBUG]   Upserted batch 4 (500 records) to 'customers'.
2026-03-25 05:00:08,431 [DEBUG]   Upserted batch 5 (500 records) to 'customers'.
2026-03-25 05:00:09,036 [DEBUG]   Upserted batch 6 (500 records) to 'customers'.
2026-03-25 05:00:09,545 [DEBUG]   Upserted batch 7 (500 records) to 'customers'.
2026-03-25 05:00:10,077 [DEBUG]   Upserted batch 8 (500 records) to 'customers'.
2026-03-25 05:00:10,599 [DEBUG]   Upserted batch 9 (500 records) to 'customers'.
2026-03-25 05:00:11,133 [DEBUG]   Upserted batch 10 (500 records) to 'customers'.
2026-03-25 05:00:11,819 [DEBUG]   Upserted batch 11 (500 records) to 'customers'.
2026-03-25 05:00:12,351 [DEBUG]   Upserted batch 12 (500 records) to 'customers'.
2026-03-25 05:00:12,869 [DEBUG]   Upserted batch 13 (500 records) to 'customers'.
2026-03-25 05:00:13,555 [DEBUG]   Upserted batch 14 (500 records) to 'customers'.
2026-03-25 05:00:14,049 [DEBUG]   Upserted batch 15 (500 records) to 'customers'.
2026-03-25 05:00:14,843 [DEBUG]   Upserted batch 16 (500 records) to 'customers'.
2026-03-25 05:00:15,335 [DEBUG]   Upserted batch 17 (500 records) to 'customers'.
2026-03-25 05:00:15,831 [DEBUG]   Upserted batch 18 (500 records) to 'customers'.
2026-03-25 05:00:16,292 [DEBUG]   Upserted batch 19 (336 records) to 'customers'.
2026-03-25 05:00:16,292 [INFO]   Customers synced: 9336
2026-03-25 05:00:16,295 [INFO] --- Syncing technicians ---
2026-03-25 05:00:16,296 [INFO]   Fetched 12 technician rows from Synergy.
2026-03-25 05:00:16,862 [DEBUG]   Upserted batch 1 (12 records) to 'users'.
2026-03-25 05:00:16,863 [INFO]   Technicians synced: 12
2026-03-25 05:00:16,863 [INFO] --- Syncing contacts ---
2026-03-25 05:00:16,897 [INFO]   Fetched 1294 contact rows from Synergy.
2026-03-25 05:00:17,449 [DEBUG]   Skipped 1073 contacts with no matching customer in Supabase.
2026-03-25 05:00:17,762 [DEBUG]   Cleared existing contacts before re-insert.
2026-03-25 05:00:18,189 [DEBUG]   Upserted batch 1 (221 records) to 'contacts'.
2026-03-25 05:00:18,189 [INFO]   Contacts synced: 221
2026-03-25 05:00:18,190 [INFO] --- Syncing products ---
2026-03-25 05:00:18,284 [INFO]   Fetched 2607 product rows from Synergy.
2026-03-25 05:00:18,820 [DEBUG]   Upserted batch 1 (500 records) to 'products'.
2026-03-25 05:00:19,299 [DEBUG]   Upserted batch 2 (500 records) to 'products'.
2026-03-25 05:00:19,786 [DEBUG]   Upserted batch 3 (500 records) to 'products'.
2026-03-25 05:00:20,307 [DEBUG]   Upserted batch 4 (500 records) to 'products'.
2026-03-25 05:00:20,759 [DEBUG]   Upserted batch 5 (500 records) to 'products'.
2026-03-25 05:00:21,093 [DEBUG]   Upserted batch 6 (107 records) to 'products'.
2026-03-25 05:00:21,093 [INFO]   Products synced: 2607
2026-03-25 05:00:21,095 [DEBUG] ERP connection closed.
2026-03-25 05:00:21,095 [INFO] Sync completed successfully. Total records synced: 12176
