2026-04-08 05:00:01,557 [INFO] ============================================================
2026-04-08 05:00:01,557 [INFO] PM Scheduler — Nightly Synergy Sync starting
2026-04-08 05:00:01,557 [INFO] ============================================================
2026-04-08 05:00:02,661 [DEBUG] sync_log row created: id=31
2026-04-08 05:00:02,661 [INFO] Connecting to SynergyERP via ODBC DSN 'ERPlinked'...
2026-04-08 05:00:02,673 [INFO] Connected.
2026-04-08 05:00:02,679 [INFO] Discovered 278 ERP tables.
2026-04-08 05:00:02,680 [DEBUG] Tables: ['a80vm', 'abcdata', 'alertcostchange', 'alertdata', 'alertheader', 'alerttrailer', 'alerttype', 'altvend', 'apdeta', 'apdeth', 'apdetl', 'apdetm', 'appoh', 'appohh', 'appol', 'arproof', 'artermcode', 'arup', 'bomfle', 'bowork', 'brktbl', 'buyer', 'callnotes', 'ccodes', 'collagent', 'commhead', 'commodity', 'contlist', 'contnotes', 'contracth', 'contwt', 'costhist', 'cpicust', 'cpidet', 'cpihead', 'cslkeywrd', 'cslsales', 'cszone', 'ctwtaccum', 'ctwtaccumh', 'cust', 'custcat', 'custcont', 'custcrhist', 'custgrp', 'custnotes', 'custprdmsg', 'custshnote', 'custsls', 'custtax', 'deals', 'deptfle', 'deptslscur', 'divifle', 'docdeliv', 'entdby', 'fifolot', 'fifotrans', 'formbatch', 'formheader', 'formheaderdata', 'formline', 'formlinedata', 'formtotaldata', 'formtype', 'glmaster', 'invcost', 'invh', 'invl', 'invltag', 'invm', 'invs', 'invt', 'invtrans', 'itemhist', 'lastprice', 'matcode', 'msdfle', 'msdshist', 'nstkdesc', 'pickedby', 'poctfle', 'pohead', 'poheadh', 'poline', 'polineh', 'poltag', 'pom', 'pomiscchrg', 'pomsgh', 'ponstkh', 'prdkeywrd', 'prod', 'prodgroup', 'prodloc', 'prodsls', 'produda', 'prodwhse', 'prodwhstat', 'progaccess', 'progaccess_parameter', 'pserlno', 'pwsales', 'qoh', 'qol', 'qom', 'qordlkitl', 'qos', 'qot', 'rcontracth', 'rebatedtl', 'rebtnotes', 'replenh', 'replenl', 'reportcolumnheaders', 'reportdata', 'reportheader', 'rfpickq', 'rfpickqh', 'roh', 'rolnew', 'roltag', 'rom', 'ros', 'rot', 'saract', 'saractf', 'sardetl', 'sardetlh', 'shiplist', 'simpleviewcharts', 'simpleviewfilter', 'simpleviewfilterfields', 'simpleviewobj', 'sllstprice', 'slscurr', 'slsmsls', 'sorce', 'sordcash', 'sordcashh', 'sordlkith', 'sordlkitl', 'sordlot', 'sotibatch', 'sotiorderattachment', 'sotiorderdetail', 'sotiorderheader', 'sotiproductdetail', 'specmsg', 'specprice', 'sprodcatgy', 'sprodlot', 'sslsm', 'sslsmcomm', 'sslsmcommh', 'stagitem', 'table1', 'taxcode', 'txitemsaleshistorybycustomermonthsumpc1', 'txitemsaleshistorybycustomermonthsumpc1pivot', 'txitemsaleshistorybycustomermonthsumpc1pivotsum', 'txitemsaleshistseqmonths1', 'txitemsalesinperiodbuckets', 'txitemsalesperiodbucketssum0x', 'txitemsalesperiodbucketssumpercent', 'txitemsalesperiodbucketssumx', 'txitemsalesperiodbucketssumxx', 'txprodwhsetotalspinstk4venuom', 'upcxref', 'usercntrl', 'usrdefcat', 'vendgrp', 'vendrebate', 'vendtag', 'vendwhse', 'vwaccountspayable', 'vwaccountsreceivable', 'vwcustomer', 'vwcustomerdifferentbillto', 'vwcustomersalesorderhistory', 'vwinvoicehistory', 'vwinvoicehistorylines', 'vwlastprice', 'vwlostsales', 'vwopenorders', 'vwordership', 'vwordersourceanalysis', 'vwpricebook', 'vwproduct', 'vwproductinventory', 'vwproductprice', 'vwproductsales', 'vwpurchaseorders', 'vwrebates', 'vwsalesorder', 'vwsalesorder2', 'vwsalesperson', 'vwsalestotalsthisyearvslastyear', 'vwshiplist', 'vwsourcecomparison_avggrossprofit', 'vwsourcecomparison_avgsales', 'vwsourcecomparison_cost', 'vwsourcecomparison_grossprofit', 'vwsourcecomparison_invoice', 'vwsourcecomparison_sale', 'vwvendor', 'vwxaranalysis', 'vwxaranalysis2', 'vwxaranalysis_30', 'vwxaranalysis_45', 'vwxaranalysis_60', 'vwxaranalysis_90', 'vwxaranalysis_current', 'vwxardetail', 'vwxarlessthan30days', 'vwxbottom10customersbymerchandisedollars', 'vwxbottom10customersbyprofitdollars', 'vwxbottom10productsbymerchandisedollars', 'vwxbottom10productsbyprofitdollars', 'vwxbottom10salesmanbymerchandisedollars', 'vwxbottom10salesmanbyprofitdollars', 'vwxbottom10vendorsbymerchandisedollars', 'vwxbottom10vendorsbyprofitdollars', 'vwxchartdata', 'vwxdivisiontotalsbyprofitdollars', 'vwxproductanalysis', 'vwxproductanalysisdetail', 'vwxsaleshistory', 'vwxsaleshistory2', 'vwxtop10customersbymerchandisedollars', 'vwxtop10customersbyprofitdollars', 'vwxtop10productsbymerchandisedollars', 'vwxtop10productsbyprofitdollars', 'vwxtop10salesmanbymerchandisedollars', 'vwxtop10salesmanbyprofitdollars', 'vwxtop10vendorsbymerchandisedollars', 'vwxtop10vendorsbyprofitdollars', 'vwxwarehousetotalsbyprofitdollars', 'vxitemsaleshistbymonthcust', 'vxitemsaleshistorybycustomermonthsum', 'vxitemsaleshistorybycustomermonthsumpc1', 'vxitemsaleshistorybycustomermonthsumpc1pivot', 'vxitemsaleshistorybycustomermonthsumpc1pivotsum', 'vxitemsaleshistorybycustomermonthsumpc5', 'vxitemsaleshistorybymonthsum', 'vxitemsaleshistseqmonths1', 'vxitemsalesinperiodbucketssum', 'vxitemsalesinperiodbucketssumpercent', 'vxitemsalesperiodbucketssumxsum', 'vxpinsock', 'vxproductsalesmen2', 'vxprodwhsetotals', 'vxprodwhsetotalspinstk4', 'vxprodwhsetotalspinstk4venuom', 'vxwarehousestock', 'vxwarehousestocktotal', 'weeklysls', 'whinfo', 'wohfle', 'wohist', 'wohistl', 'wolfle', 'wos_t_machine', 'wos_t_machineruntime', 'wos_t_machresallocation', 'wos_t_machresource', 'wos_t_reports', 'wos_t_resource', 'wos_t_resusers', 'wos_t_resusers_1', 'wos_t_rptparm', 'wos_t_user', 'wos_t_womachinedata', 'wos_t_woschedule', 'wos_t_wosschedmod', 'wos_t_wosstatus', 'wos_t_wouserdata', 'zonefle']
2026-04-08 05:00:02,680 [INFO] --- Syncing customers ---
2026-04-08 05:00:02,843 [INFO]   Fetched 9342 active customer rows from Synergy (inactive/closed filtered at query level).
2026-04-08 05:00:03,881 [DEBUG]   Upserted batch 1 (500 records) to 'customers'.
2026-04-08 05:00:04,900 [DEBUG]   Upserted batch 2 (500 records) to 'customers'.
2026-04-08 05:00:05,587 [DEBUG]   Upserted batch 3 (500 records) to 'customers'.
2026-04-08 05:00:06,083 [DEBUG]   Upserted batch 4 (500 records) to 'customers'.
2026-04-08 05:00:06,828 [DEBUG]   Upserted batch 5 (500 records) to 'customers'.
2026-04-08 05:00:07,273 [DEBUG]   Upserted batch 6 (500 records) to 'customers'.
2026-04-08 05:00:08,050 [DEBUG]   Upserted batch 7 (500 records) to 'customers'.
2026-04-08 05:00:08,566 [DEBUG]   Upserted batch 8 (500 records) to 'customers'.
2026-04-08 05:00:09,028 [DEBUG]   Upserted batch 9 (500 records) to 'customers'.
2026-04-08 05:00:09,728 [DEBUG]   Upserted batch 10 (500 records) to 'customers'.
2026-04-08 05:00:10,427 [DEBUG]   Upserted batch 11 (500 records) to 'customers'.
2026-04-08 05:00:10,915 [DEBUG]   Upserted batch 12 (500 records) to 'customers'.
2026-04-08 05:00:11,409 [DEBUG]   Upserted batch 13 (500 records) to 'customers'.
2026-04-08 05:00:12,099 [DEBUG]   Upserted batch 14 (500 records) to 'customers'.
2026-04-08 05:00:14,956 [DEBUG]   Upserted batch 15 (500 records) to 'customers'.
2026-04-08 05:00:15,588 [DEBUG]   Upserted batch 16 (500 records) to 'customers'.
2026-04-08 05:00:17,144 [DEBUG]   Upserted batch 17 (500 records) to 'customers'.
2026-04-08 05:00:17,940 [DEBUG]   Upserted batch 18 (500 records) to 'customers'.
2026-04-08 05:00:19,106 [DEBUG]   Upserted batch 19 (342 records) to 'customers'.
2026-04-08 05:00:19,107 [INFO]   Customers synced: 9342
2026-04-08 05:00:19,111 [INFO] --- Syncing technicians ---
2026-04-08 05:00:19,112 [INFO]   Fetched 12 technician rows from Synergy.
2026-04-08 05:00:19,512 [DEBUG]   Upserted batch 1 (12 records) to 'users'.
2026-04-08 05:00:19,513 [INFO]   Technicians synced: 12
2026-04-08 05:00:19,513 [INFO] --- Syncing ship-to locations ---
2026-04-08 05:00:19,597 [INFO]   Fetched 7547 ship-to location rows from Synergy.
2026-04-08 05:00:22,893 [INFO]   Customer map loaded: 9343 entries (paginated).
2026-04-08 05:00:22,917 [DEBUG]   Skipped 103 ship-to locations with no matching customer in Supabase.
2026-04-08 05:00:23,497 [DEBUG]   Upserted batch 1 (500 records) to 'ship_to_locations'.
2026-04-08 05:00:23,949 [DEBUG]   Upserted batch 2 (500 records) to 'ship_to_locations'.
2026-04-08 05:00:24,426 [DEBUG]   Upserted batch 3 (500 records) to 'ship_to_locations'.
2026-04-08 05:00:24,903 [DEBUG]   Upserted batch 4 (500 records) to 'ship_to_locations'.
2026-04-08 05:00:25,365 [DEBUG]   Upserted batch 5 (500 records) to 'ship_to_locations'.
2026-04-08 05:00:25,815 [DEBUG]   Upserted batch 6 (500 records) to 'ship_to_locations'.
2026-04-08 05:00:26,276 [DEBUG]   Upserted batch 7 (500 records) to 'ship_to_locations'.
2026-04-08 05:00:26,729 [DEBUG]   Upserted batch 8 (500 records) to 'ship_to_locations'.
2026-04-08 05:00:27,175 [DEBUG]   Upserted batch 9 (500 records) to 'ship_to_locations'.
2026-04-08 05:00:27,655 [DEBUG]   Upserted batch 10 (500 records) to 'ship_to_locations'.
2026-04-08 05:00:28,129 [DEBUG]   Upserted batch 11 (500 records) to 'ship_to_locations'.
2026-04-08 05:00:28,599 [DEBUG]   Upserted batch 12 (500 records) to 'ship_to_locations'.
2026-04-08 05:00:29,042 [DEBUG]   Upserted batch 13 (500 records) to 'ship_to_locations'.
2026-04-08 05:00:29,475 [DEBUG]   Upserted batch 14 (500 records) to 'ship_to_locations'.
2026-04-08 05:00:29,917 [DEBUG]   Upserted batch 15 (444 records) to 'ship_to_locations'.
2026-04-08 05:00:29,918 [INFO]   Ship-to locations synced: 7444
2026-04-08 05:00:29,921 [INFO] --- Syncing contacts ---
2026-04-08 05:00:29,950 [INFO]   Fetched 1292 contact rows from Synergy.
2026-04-08 05:00:35,056 [INFO]   Customer map loaded: 9343 entries (paginated).
2026-04-08 05:00:35,059 [DEBUG]   Skipped 16 contacts with no matching customer in Supabase.
2026-04-08 05:00:35,373 [DEBUG]   Cleared existing contacts before re-insert.
2026-04-08 05:00:35,768 [DEBUG]   Upserted batch 1 (500 records) to 'contacts'.
2026-04-08 05:00:36,124 [DEBUG]   Upserted batch 2 (500 records) to 'contacts'.
2026-04-08 05:00:36,432 [DEBUG]   Upserted batch 3 (276 records) to 'contacts'.
2026-04-08 05:00:36,432 [INFO]   Contacts synced: 1276
2026-04-08 05:00:36,434 [INFO] --- Syncing products ---
2026-04-08 05:00:36,507 [INFO]   Fetched 2607 product rows from Synergy.
2026-04-08 05:00:37,003 [DEBUG]   Upserted batch 1 (500 records) to 'products'.
2026-04-08 05:00:37,420 [DEBUG]   Upserted batch 2 (500 records) to 'products'.
2026-04-08 05:00:37,885 [DEBUG]   Upserted batch 3 (500 records) to 'products'.
2026-04-08 05:00:38,309 [DEBUG]   Upserted batch 4 (500 records) to 'products'.
2026-04-08 05:00:38,750 [DEBUG]   Upserted batch 5 (500 records) to 'products'.
2026-04-08 05:00:39,105 [DEBUG]   Upserted batch 6 (107 records) to 'products'.
2026-04-08 05:00:39,105 [INFO]   Products synced: 2607
2026-04-08 05:00:39,105 [DEBUG] ERP connection closed.
2026-04-08 05:00:39,106 [INFO] Sync completed successfully. Total records synced: 20681
