2026-04-06 05:00:01,729 [INFO] ============================================================
2026-04-06 05:00:01,729 [INFO] PM Scheduler — Nightly Synergy Sync starting
2026-04-06 05:00:01,729 [INFO] ============================================================
2026-04-06 05:00:02,928 [DEBUG] sync_log row created: id=29
2026-04-06 05:00:02,928 [INFO] Connecting to SynergyERP via ODBC DSN 'ERPlinked'...
2026-04-06 05:00:03,010 [INFO] Connected.
2026-04-06 05:00:03,017 [INFO] Discovered 278 ERP tables.
2026-04-06 05:00:03,017 [DEBUG] Tables: ['a80vm', 'abcdata', 'alertcostchange', 'alertdata', 'alertheader', 'alerttrailer', 'alerttype', 'altvend', 'apdeta', 'apdeth', 'apdetl', 'apdetm', 'appoh', 'appohh', 'appol', 'arproof', 'artermcode', 'arup', 'bomfle', 'bowork', 'brktbl', 'buyer', 'callnotes', 'ccodes', 'collagent', 'commhead', 'commodity', 'contlist', 'contnotes', 'contracth', 'contwt', 'costhist', 'cpicust', 'cpidet', 'cpihead', 'cslkeywrd', 'cslsales', 'cszone', 'ctwtaccum', 'ctwtaccumh', 'cust', 'custcat', 'custcont', 'custcrhist', 'custgrp', 'custnotes', 'custprdmsg', 'custshnote', 'custsls', 'custtax', 'deals', 'deptfle', 'deptslscur', 'divifle', 'docdeliv', 'entdby', 'fifolot', 'fifotrans', 'formbatch', 'formheader', 'formheaderdata', 'formline', 'formlinedata', 'formtotaldata', 'formtype', 'glmaster', 'invcost', 'invh', 'invl', 'invltag', 'invm', 'invs', 'invt', 'invtrans', 'itemhist', 'lastprice', 'matcode', 'msdfle', 'msdshist', 'nstkdesc', 'pickedby', 'poctfle', 'pohead', 'poheadh', 'poline', 'polineh', 'poltag', 'pom', 'pomiscchrg', 'pomsgh', 'ponstkh', 'prdkeywrd', 'prod', 'prodgroup', 'prodloc', 'prodsls', 'produda', 'prodwhse', 'prodwhstat', 'progaccess', 'progaccess_parameter', 'pserlno', 'pwsales', 'qoh', 'qol', 'qom', 'qordlkitl', 'qos', 'qot', 'rcontracth', 'rebatedtl', 'rebtnotes', 'replenh', 'replenl', 'reportcolumnheaders', 'reportdata', 'reportheader', 'rfpickq', 'rfpickqh', 'roh', 'rolnew', 'roltag', 'rom', 'ros', 'rot', 'saract', 'saractf', 'sardetl', 'sardetlh', 'shiplist', 'simpleviewcharts', 'simpleviewfilter', 'simpleviewfilterfields', 'simpleviewobj', 'sllstprice', 'slscurr', 'slsmsls', 'sorce', 'sordcash', 'sordcashh', 'sordlkith', 'sordlkitl', 'sordlot', 'sotibatch', 'sotiorderattachment', 'sotiorderdetail', 'sotiorderheader', 'sotiproductdetail', 'specmsg', 'specprice', 'sprodcatgy', 'sprodlot', 'sslsm', 'sslsmcomm', 'sslsmcommh', 'stagitem', 'table1', 'taxcode', 'txitemsaleshistorybycustomermonthsumpc1', 'txitemsaleshistorybycustomermonthsumpc1pivot', 'txitemsaleshistorybycustomermonthsumpc1pivotsum', 'txitemsaleshistseqmonths1', 'txitemsalesinperiodbuckets', 'txitemsalesperiodbucketssum0x', 'txitemsalesperiodbucketssumpercent', 'txitemsalesperiodbucketssumx', 'txitemsalesperiodbucketssumxx', 'txprodwhsetotalspinstk4venuom', 'upcxref', 'usercntrl', 'usrdefcat', 'vendgrp', 'vendrebate', 'vendtag', 'vendwhse', 'vwaccountspayable', 'vwaccountsreceivable', 'vwcustomer', 'vwcustomerdifferentbillto', 'vwcustomersalesorderhistory', 'vwinvoicehistory', 'vwinvoicehistorylines', 'vwlastprice', 'vwlostsales', 'vwopenorders', 'vwordership', 'vwordersourceanalysis', 'vwpricebook', 'vwproduct', 'vwproductinventory', 'vwproductprice', 'vwproductsales', 'vwpurchaseorders', 'vwrebates', 'vwsalesorder', 'vwsalesorder2', 'vwsalesperson', 'vwsalestotalsthisyearvslastyear', 'vwshiplist', 'vwsourcecomparison_avggrossprofit', 'vwsourcecomparison_avgsales', 'vwsourcecomparison_cost', 'vwsourcecomparison_grossprofit', 'vwsourcecomparison_invoice', 'vwsourcecomparison_sale', 'vwvendor', 'vwxaranalysis', 'vwxaranalysis2', 'vwxaranalysis_30', 'vwxaranalysis_45', 'vwxaranalysis_60', 'vwxaranalysis_90', 'vwxaranalysis_current', 'vwxardetail', 'vwxarlessthan30days', 'vwxbottom10customersbymerchandisedollars', 'vwxbottom10customersbyprofitdollars', 'vwxbottom10productsbymerchandisedollars', 'vwxbottom10productsbyprofitdollars', 'vwxbottom10salesmanbymerchandisedollars', 'vwxbottom10salesmanbyprofitdollars', 'vwxbottom10vendorsbymerchandisedollars', 'vwxbottom10vendorsbyprofitdollars', 'vwxchartdata', 'vwxdivisiontotalsbyprofitdollars', 'vwxproductanalysis', 'vwxproductanalysisdetail', 'vwxsaleshistory', 'vwxsaleshistory2', 'vwxtop10customersbymerchandisedollars', 'vwxtop10customersbyprofitdollars', 'vwxtop10productsbymerchandisedollars', 'vwxtop10productsbyprofitdollars', 'vwxtop10salesmanbymerchandisedollars', 'vwxtop10salesmanbyprofitdollars', 'vwxtop10vendorsbymerchandisedollars', 'vwxtop10vendorsbyprofitdollars', 'vwxwarehousetotalsbyprofitdollars', 'vxitemsaleshistbymonthcust', 'vxitemsaleshistorybycustomermonthsum', 'vxitemsaleshistorybycustomermonthsumpc1', 'vxitemsaleshistorybycustomermonthsumpc1pivot', 'vxitemsaleshistorybycustomermonthsumpc1pivotsum', 'vxitemsaleshistorybycustomermonthsumpc5', 'vxitemsaleshistorybymonthsum', 'vxitemsaleshistseqmonths1', 'vxitemsalesinperiodbucketssum', 'vxitemsalesinperiodbucketssumpercent', 'vxitemsalesperiodbucketssumxsum', 'vxpinsock', 'vxproductsalesmen2', 'vxprodwhsetotals', 'vxprodwhsetotalspinstk4', 'vxprodwhsetotalspinstk4venuom', 'vxwarehousestock', 'vxwarehousestocktotal', 'weeklysls', 'whinfo', 'wohfle', 'wohist', 'wohistl', 'wolfle', 'wos_t_machine', 'wos_t_machineruntime', 'wos_t_machresallocation', 'wos_t_machresource', 'wos_t_reports', 'wos_t_resource', 'wos_t_resusers', 'wos_t_resusers_1', 'wos_t_rptparm', 'wos_t_user', 'wos_t_womachinedata', 'wos_t_woschedule', 'wos_t_wosschedmod', 'wos_t_wosstatus', 'wos_t_wouserdata', 'zonefle']
2026-04-06 05:00:03,018 [INFO] --- Syncing customers ---
2026-04-06 05:00:03,179 [INFO]   Fetched 9341 active customer rows from Synergy (inactive/closed filtered at query level).
2026-04-06 05:00:04,624 [DEBUG]   Upserted batch 1 (500 records) to 'customers'.
2026-04-06 05:00:05,615 [DEBUG]   Upserted batch 2 (500 records) to 'customers'.
2026-04-06 05:00:06,410 [DEBUG]   Upserted batch 3 (500 records) to 'customers'.
2026-04-06 05:00:07,153 [DEBUG]   Upserted batch 4 (500 records) to 'customers'.
2026-04-06 05:00:07,878 [DEBUG]   Upserted batch 5 (500 records) to 'customers'.
2026-04-06 05:00:08,607 [DEBUG]   Upserted batch 6 (500 records) to 'customers'.
2026-04-06 05:00:09,093 [DEBUG]   Upserted batch 7 (500 records) to 'customers'.
2026-04-06 05:00:09,849 [DEBUG]   Upserted batch 8 (500 records) to 'customers'.
2026-04-06 05:00:10,442 [DEBUG]   Upserted batch 9 (500 records) to 'customers'.
2026-04-06 05:00:10,916 [DEBUG]   Upserted batch 10 (500 records) to 'customers'.
2026-04-06 05:00:11,624 [DEBUG]   Upserted batch 11 (500 records) to 'customers'.
2026-04-06 05:00:12,380 [DEBUG]   Upserted batch 12 (500 records) to 'customers'.
2026-04-06 05:00:12,842 [DEBUG]   Upserted batch 13 (500 records) to 'customers'.
2026-04-06 05:00:13,421 [DEBUG]   Upserted batch 14 (500 records) to 'customers'.
2026-04-06 05:00:13,870 [DEBUG]   Upserted batch 15 (500 records) to 'customers'.
2026-04-06 05:00:14,367 [DEBUG]   Upserted batch 16 (500 records) to 'customers'.
2026-04-06 05:00:14,945 [DEBUG]   Upserted batch 17 (500 records) to 'customers'.
2026-04-06 05:00:15,447 [DEBUG]   Upserted batch 18 (500 records) to 'customers'.
2026-04-06 05:00:17,251 [DEBUG]   Upserted batch 19 (341 records) to 'customers'.
2026-04-06 05:00:17,251 [INFO]   Customers synced: 9341
2026-04-06 05:00:17,255 [INFO] --- Syncing technicians ---
2026-04-06 05:00:17,256 [INFO]   Fetched 12 technician rows from Synergy.
2026-04-06 05:00:17,643 [DEBUG]   Upserted batch 1 (12 records) to 'users'.
2026-04-06 05:00:17,644 [INFO]   Technicians synced: 12
2026-04-06 05:00:17,644 [INFO] --- Syncing ship-to locations ---
2026-04-06 05:00:17,747 [INFO]   Fetched 7528 ship-to location rows from Synergy.
2026-04-06 05:00:20,908 [INFO]   Customer map loaded: 9342 entries (paginated).
2026-04-06 05:00:20,927 [DEBUG]   Skipped 103 ship-to locations with no matching customer in Supabase.
2026-04-06 05:00:21,485 [DEBUG]   Upserted batch 1 (500 records) to 'ship_to_locations'.
2026-04-06 05:00:21,954 [DEBUG]   Upserted batch 2 (500 records) to 'ship_to_locations'.
2026-04-06 05:00:22,417 [DEBUG]   Upserted batch 3 (500 records) to 'ship_to_locations'.
2026-04-06 05:00:22,943 [DEBUG]   Upserted batch 4 (500 records) to 'ship_to_locations'.
2026-04-06 05:00:23,376 [DEBUG]   Upserted batch 5 (500 records) to 'ship_to_locations'.
2026-04-06 05:00:23,835 [DEBUG]   Upserted batch 6 (500 records) to 'ship_to_locations'.
2026-04-06 05:00:24,291 [DEBUG]   Upserted batch 7 (500 records) to 'ship_to_locations'.
2026-04-06 05:00:24,794 [DEBUG]   Upserted batch 8 (500 records) to 'ship_to_locations'.
2026-04-06 05:00:25,291 [DEBUG]   Upserted batch 9 (500 records) to 'ship_to_locations'.
2026-04-06 05:00:25,739 [DEBUG]   Upserted batch 10 (500 records) to 'ship_to_locations'.
2026-04-06 05:00:26,203 [DEBUG]   Upserted batch 11 (500 records) to 'ship_to_locations'.
2026-04-06 05:00:26,641 [DEBUG]   Upserted batch 12 (500 records) to 'ship_to_locations'.
2026-04-06 05:00:27,106 [DEBUG]   Upserted batch 13 (500 records) to 'ship_to_locations'.
2026-04-06 05:00:27,567 [DEBUG]   Upserted batch 14 (500 records) to 'ship_to_locations'.
2026-04-06 05:00:28,020 [DEBUG]   Upserted batch 15 (425 records) to 'ship_to_locations'.
2026-04-06 05:00:28,020 [INFO]   Ship-to locations synced: 7425
2026-04-06 05:00:28,027 [INFO] --- Syncing contacts ---
2026-04-06 05:00:28,069 [INFO]   Fetched 1292 contact rows from Synergy.
2026-04-06 05:00:31,031 [INFO]   Customer map loaded: 9342 entries (paginated).
2026-04-06 05:00:31,034 [DEBUG]   Skipped 16 contacts with no matching customer in Supabase.
2026-04-06 05:00:31,357 [DEBUG]   Cleared existing contacts before re-insert.
2026-04-06 05:00:31,721 [DEBUG]   Upserted batch 1 (500 records) to 'contacts'.
2026-04-06 05:00:32,069 [DEBUG]   Upserted batch 2 (500 records) to 'contacts'.
2026-04-06 05:00:32,374 [DEBUG]   Upserted batch 3 (276 records) to 'contacts'.
2026-04-06 05:00:32,374 [INFO]   Contacts synced: 1276
2026-04-06 05:00:32,375 [INFO] --- Syncing products ---
2026-04-06 05:00:32,430 [INFO]   Fetched 2607 product rows from Synergy.
2026-04-06 05:00:32,908 [DEBUG]   Upserted batch 1 (500 records) to 'products'.
2026-04-06 05:00:33,249 [DEBUG]   Upserted batch 2 (500 records) to 'products'.
2026-04-06 05:00:33,662 [DEBUG]   Upserted batch 3 (500 records) to 'products'.
2026-04-06 05:00:34,066 [DEBUG]   Upserted batch 4 (500 records) to 'products'.
2026-04-06 05:00:34,509 [DEBUG]   Upserted batch 5 (500 records) to 'products'.
2026-04-06 05:00:34,821 [DEBUG]   Upserted batch 6 (107 records) to 'products'.
2026-04-06 05:00:34,821 [INFO]   Products synced: 2607
2026-04-06 05:00:34,823 [DEBUG] ERP connection closed.
2026-04-06 05:00:34,823 [INFO] Sync completed successfully. Total records synced: 20661
