2026-04-02 16:54:57,053 [INFO] ============================================================
2026-04-02 16:54:57,053 [INFO] PM Scheduler — Nightly Synergy Sync starting
2026-04-02 16:54:57,053 [INFO] ============================================================
2026-04-02 16:54:57,053 [ERROR] SUPABASE_URL is not set.
2026-04-02 16:54:57,053 [ERROR] SUPABASE_SERVICE_ROLE_KEY is not set.
2026-04-02 16:55:12,528 [INFO] ============================================================
2026-04-02 16:55:12,528 [INFO] PM Scheduler — Nightly Synergy Sync starting
2026-04-02 16:55:12,528 [INFO] ============================================================
2026-04-02 16:55:14,415 [DEBUG] sync_log row created: id=22
2026-04-02 16:55:14,415 [INFO] Connecting to SynergyERP via ODBC DSN 'ERPlinked'...
2026-04-02 16:55:14,429 [INFO] Connected.
2026-04-02 16:55:14,436 [INFO] Discovered 278 ERP tables.
2026-04-02 16:55:14,436 [DEBUG] Tables: ['a80vm', 'abcdata', 'alertcostchange', 'alertdata', 'alertheader', 'alerttrailer', 'alerttype', 'altvend', 'apdeta', 'apdeth', 'apdetl', 'apdetm', 'appoh', 'appohh', 'appol', 'arproof', 'artermcode', 'arup', 'bomfle', 'bowork', 'brktbl', 'buyer', 'callnotes', 'ccodes', 'collagent', 'commhead', 'commodity', 'contlist', 'contnotes', 'contracth', 'contwt', 'costhist', 'cpicust', 'cpidet', 'cpihead', 'cslkeywrd', 'cslsales', 'cszone', 'ctwtaccum', 'ctwtaccumh', 'cust', 'custcat', 'custcont', 'custcrhist', 'custgrp', 'custnotes', 'custprdmsg', 'custshnote', 'custsls', 'custtax', 'deals', 'deptfle', 'deptslscur', 'divifle', 'docdeliv', 'entdby', 'fifolot', 'fifotrans', 'formbatch', 'formheader', 'formheaderdata', 'formline', 'formlinedata', 'formtotaldata', 'formtype', 'glmaster', 'invcost', 'invh', 'invl', 'invltag', 'invm', 'invs', 'invt', 'invtrans', 'itemhist', 'lastprice', 'matcode', 'msdfle', 'msdshist', 'nstkdesc', 'pickedby', 'poctfle', 'pohead', 'poheadh', 'poline', 'polineh', 'poltag', 'pom', 'pomiscchrg', 'pomsgh', 'ponstkh', 'prdkeywrd', 'prod', 'prodgroup', 'prodloc', 'prodsls', 'produda', 'prodwhse', 'prodwhstat', 'progaccess', 'progaccess_parameter', 'pserlno', 'pwsales', 'qoh', 'qol', 'qom', 'qordlkitl', 'qos', 'qot', 'rcontracth', 'rebatedtl', 'rebtnotes', 'replenh', 'replenl', 'reportcolumnheaders', 'reportdata', 'reportheader', 'rfpickq', 'rfpickqh', 'roh', 'rolnew', 'roltag', 'rom', 'ros', 'rot', 'saract', 'saractf', 'sardetl', 'sardetlh', 'shiplist', 'simpleviewcharts', 'simpleviewfilter', 'simpleviewfilterfields', 'simpleviewobj', 'sllstprice', 'slscurr', 'slsmsls', 'sorce', 'sordcash', 'sordcashh', 'sordlkith', 'sordlkitl', 'sordlot', 'sotibatch', 'sotiorderattachment', 'sotiorderdetail', 'sotiorderheader', 'sotiproductdetail', 'specmsg', 'specprice', 'sprodcatgy', 'sprodlot', 'sslsm', 'sslsmcomm', 'sslsmcommh', 'stagitem', 'table1', 'taxcode', 'txitemsaleshistorybycustomermonthsumpc1', 'txitemsaleshistorybycustomermonthsumpc1pivot', 'txitemsaleshistorybycustomermonthsumpc1pivotsum', 'txitemsaleshistseqmonths1', 'txitemsalesinperiodbuckets', 'txitemsalesperiodbucketssum0x', 'txitemsalesperiodbucketssumpercent', 'txitemsalesperiodbucketssumx', 'txitemsalesperiodbucketssumxx', 'txprodwhsetotalspinstk4venuom', 'upcxref', 'usercntrl', 'usrdefcat', 'vendgrp', 'vendrebate', 'vendtag', 'vendwhse', 'vwaccountspayable', 'vwaccountsreceivable', 'vwcustomer', 'vwcustomerdifferentbillto', 'vwcustomersalesorderhistory', 'vwinvoicehistory', 'vwinvoicehistorylines', 'vwlastprice', 'vwlostsales', 'vwopenorders', 'vwordership', 'vwordersourceanalysis', 'vwpricebook', 'vwproduct', 'vwproductinventory', 'vwproductprice', 'vwproductsales', 'vwpurchaseorders', 'vwrebates', 'vwsalesorder', 'vwsalesorder2', 'vwsalesperson', 'vwsalestotalsthisyearvslastyear', 'vwshiplist', 'vwsourcecomparison_avggrossprofit', 'vwsourcecomparison_avgsales', 'vwsourcecomparison_cost', 'vwsourcecomparison_grossprofit', 'vwsourcecomparison_invoice', 'vwsourcecomparison_sale', 'vwvendor', 'vwxaranalysis', 'vwxaranalysis2', 'vwxaranalysis_30', 'vwxaranalysis_45', 'vwxaranalysis_60', 'vwxaranalysis_90', 'vwxaranalysis_current', 'vwxardetail', 'vwxarlessthan30days', 'vwxbottom10customersbymerchandisedollars', 'vwxbottom10customersbyprofitdollars', 'vwxbottom10productsbymerchandisedollars', 'vwxbottom10productsbyprofitdollars', 'vwxbottom10salesmanbymerchandisedollars', 'vwxbottom10salesmanbyprofitdollars', 'vwxbottom10vendorsbymerchandisedollars', 'vwxbottom10vendorsbyprofitdollars', 'vwxchartdata', 'vwxdivisiontotalsbyprofitdollars', 'vwxproductanalysis', 'vwxproductanalysisdetail', 'vwxsaleshistory', 'vwxsaleshistory2', 'vwxtop10customersbymerchandisedollars', 'vwxtop10customersbyprofitdollars', 'vwxtop10productsbymerchandisedollars', 'vwxtop10productsbyprofitdollars', 'vwxtop10salesmanbymerchandisedollars', 'vwxtop10salesmanbyprofitdollars', 'vwxtop10vendorsbymerchandisedollars', 'vwxtop10vendorsbyprofitdollars', 'vwxwarehousetotalsbyprofitdollars', 'vxitemsaleshistbymonthcust', 'vxitemsaleshistorybycustomermonthsum', 'vxitemsaleshistorybycustomermonthsumpc1', 'vxitemsaleshistorybycustomermonthsumpc1pivot', 'vxitemsaleshistorybycustomermonthsumpc1pivotsum', 'vxitemsaleshistorybycustomermonthsumpc5', 'vxitemsaleshistorybymonthsum', 'vxitemsaleshistseqmonths1', 'vxitemsalesinperiodbucketssum', 'vxitemsalesinperiodbucketssumpercent', 'vxitemsalesperiodbucketssumxsum', 'vxpinsock', 'vxproductsalesmen2', 'vxprodwhsetotals', 'vxprodwhsetotalspinstk4', 'vxprodwhsetotalspinstk4venuom', 'vxwarehousestock', 'vxwarehousestocktotal', 'weeklysls', 'whinfo', 'wohfle', 'wohist', 'wohistl', 'wolfle', 'wos_t_machine', 'wos_t_machineruntime', 'wos_t_machresallocation', 'wos_t_machresource', 'wos_t_reports', 'wos_t_resource', 'wos_t_resusers', 'wos_t_resusers_1', 'wos_t_rptparm', 'wos_t_user', 'wos_t_womachinedata', 'wos_t_woschedule', 'wos_t_wosschedmod', 'wos_t_wosstatus', 'wos_t_wouserdata', 'zonefle']
2026-04-02 16:55:14,436 [INFO] --- Syncing customers ---
2026-04-02 16:55:14,437 [ERROR] Customer sync failed: ('42S22', "[42S22] [MySQL][ODBC 8.0(a) Driver][mysqld-5.5.28]Unknown column 'cust.PORequired' in 'field list' (1054) (SQLExecDirectW)")
Traceback (most recent call last):
  File "C:\Users\Caleb Lindsey\Desktop\pm-scheduler\scripts\sync\synergy-sync.py", line 645, in main
    count = sync_customers(erp_conn)
  File "C:\Users\Caleb Lindsey\Desktop\pm-scheduler\scripts\sync\synergy-sync.py", line 253, in sync_customers
    cursor.execute("""
    ~~~~~~~~~~~~~~^^^^
        SELECT
        ^^^^^^
    ...<15 lines>...
        ORDER BY cust.CustomerCode
        ^^^^^^^^^^^^^^^^^^^^^^^^^^
    """)
    ^^^^
pyodbc.ProgrammingError: ('42S22', "[42S22] [MySQL][ODBC 8.0(a) Driver][mysqld-5.5.28]Unknown column 'cust.PORequired' in 'field list' (1054) (SQLExecDirectW)")
2026-04-02 16:55:14,437 [INFO] --- Syncing technicians ---
2026-04-02 16:55:14,438 [INFO]   Fetched 12 technician rows from Synergy.
2026-04-02 16:55:15,225 [DEBUG]   Upserted batch 1 (12 records) to 'users'.
2026-04-02 16:55:15,225 [INFO]   Technicians synced: 12
2026-04-02 16:55:15,225 [INFO] --- Syncing ship-to locations ---
2026-04-02 16:55:15,332 [INFO]   Fetched 7526 ship-to location rows from Synergy.
2026-04-02 16:55:16,308 [DEBUG]   Skipped 5307 ship-to locations with no matching customer in Supabase.
2026-04-02 16:55:18,525 [DEBUG]   Upserted batch 1 (500 records) to 'ship_to_locations'.
2026-04-02 16:55:19,940 [DEBUG]   Upserted batch 2 (500 records) to 'ship_to_locations'.
2026-04-02 16:55:21,080 [DEBUG]   Upserted batch 3 (500 records) to 'ship_to_locations'.
2026-04-02 16:55:22,565 [DEBUG]   Upserted batch 4 (500 records) to 'ship_to_locations'.
2026-04-02 16:55:23,763 [DEBUG]   Upserted batch 5 (219 records) to 'ship_to_locations'.
2026-04-02 16:55:23,763 [INFO]   Ship-to locations synced: 2219
2026-04-02 16:55:23,764 [INFO] --- Syncing contacts ---
2026-04-02 16:55:23,789 [INFO]   Fetched 1295 contact rows from Synergy.
2026-04-02 16:55:24,681 [DEBUG]   Skipped 1102 contacts with no matching customer in Supabase.
2026-04-02 16:55:25,318 [DEBUG]   Cleared existing contacts before re-insert.
2026-04-02 16:55:26,070 [DEBUG]   Upserted batch 1 (193 records) to 'contacts'.
2026-04-02 16:55:26,071 [INFO]   Contacts synced: 193
2026-04-02 16:55:26,071 [INFO] --- Syncing products ---
2026-04-02 16:55:26,121 [INFO]   Fetched 2607 product rows from Synergy.
2026-04-02 16:55:27,376 [DEBUG]   Upserted batch 1 (500 records) to 'products'.
2026-04-02 16:55:28,636 [DEBUG]   Upserted batch 2 (500 records) to 'products'.
2026-04-02 16:55:29,838 [DEBUG]   Upserted batch 3 (500 records) to 'products'.
2026-04-02 16:55:31,034 [DEBUG]   Upserted batch 4 (500 records) to 'products'.
2026-04-02 16:55:32,284 [DEBUG]   Upserted batch 5 (500 records) to 'products'.
2026-04-02 16:55:33,024 [DEBUG]   Upserted batch 6 (107 records) to 'products'.
2026-04-02 16:55:33,025 [INFO]   Products synced: 2607
2026-04-02 16:55:33,025 [DEBUG] ERP connection closed.
2026-04-02 16:55:33,025 [ERROR] Sync completed with failures: customers: ('42S22', "[42S22] [MySQL][ODBC 8.0(a) Driver][mysqld-5.5.28]Unknown column 'cust.PORequired' in 'field list' (1054) (SQLExecDirectW)")
2026-04-02 16:55:33,025 [INFO] Total records synced before failure(s): 5031
2026-04-02 16:56:21,997 [INFO] ============================================================
2026-04-02 16:56:21,997 [INFO] PM Scheduler — Nightly Synergy Sync starting
2026-04-02 16:56:21,997 [INFO] ============================================================
2026-04-02 16:56:23,221 [DEBUG] sync_log row created: id=23
2026-04-02 16:56:23,221 [INFO] Connecting to SynergyERP via ODBC DSN 'ERPlinked'...
2026-04-02 16:56:23,232 [INFO] Connected.
2026-04-02 16:56:23,239 [INFO] Discovered 278 ERP tables.
2026-04-02 16:56:23,239 [DEBUG] Tables: ['a80vm', 'abcdata', 'alertcostchange', 'alertdata', 'alertheader', 'alerttrailer', 'alerttype', 'altvend', 'apdeta', 'apdeth', 'apdetl', 'apdetm', 'appoh', 'appohh', 'appol', 'arproof', 'artermcode', 'arup', 'bomfle', 'bowork', 'brktbl', 'buyer', 'callnotes', 'ccodes', 'collagent', 'commhead', 'commodity', 'contlist', 'contnotes', 'contracth', 'contwt', 'costhist', 'cpicust', 'cpidet', 'cpihead', 'cslkeywrd', 'cslsales', 'cszone', 'ctwtaccum', 'ctwtaccumh', 'cust', 'custcat', 'custcont', 'custcrhist', 'custgrp', 'custnotes', 'custprdmsg', 'custshnote', 'custsls', 'custtax', 'deals', 'deptfle', 'deptslscur', 'divifle', 'docdeliv', 'entdby', 'fifolot', 'fifotrans', 'formbatch', 'formheader', 'formheaderdata', 'formline', 'formlinedata', 'formtotaldata', 'formtype', 'glmaster', 'invcost', 'invh', 'invl', 'invltag', 'invm', 'invs', 'invt', 'invtrans', 'itemhist', 'lastprice', 'matcode', 'msdfle', 'msdshist', 'nstkdesc', 'pickedby', 'poctfle', 'pohead', 'poheadh', 'poline', 'polineh', 'poltag', 'pom', 'pomiscchrg', 'pomsgh', 'ponstkh', 'prdkeywrd', 'prod', 'prodgroup', 'prodloc', 'prodsls', 'produda', 'prodwhse', 'prodwhstat', 'progaccess', 'progaccess_parameter', 'pserlno', 'pwsales', 'qoh', 'qol', 'qom', 'qordlkitl', 'qos', 'qot', 'rcontracth', 'rebatedtl', 'rebtnotes', 'replenh', 'replenl', 'reportcolumnheaders', 'reportdata', 'reportheader', 'rfpickq', 'rfpickqh', 'roh', 'rolnew', 'roltag', 'rom', 'ros', 'rot', 'saract', 'saractf', 'sardetl', 'sardetlh', 'shiplist', 'simpleviewcharts', 'simpleviewfilter', 'simpleviewfilterfields', 'simpleviewobj', 'sllstprice', 'slscurr', 'slsmsls', 'sorce', 'sordcash', 'sordcashh', 'sordlkith', 'sordlkitl', 'sordlot', 'sotibatch', 'sotiorderattachment', 'sotiorderdetail', 'sotiorderheader', 'sotiproductdetail', 'specmsg', 'specprice', 'sprodcatgy', 'sprodlot', 'sslsm', 'sslsmcomm', 'sslsmcommh', 'stagitem', 'table1', 'taxcode', 'txitemsaleshistorybycustomermonthsumpc1', 'txitemsaleshistorybycustomermonthsumpc1pivot', 'txitemsaleshistorybycustomermonthsumpc1pivotsum', 'txitemsaleshistseqmonths1', 'txitemsalesinperiodbuckets', 'txitemsalesperiodbucketssum0x', 'txitemsalesperiodbucketssumpercent', 'txitemsalesperiodbucketssumx', 'txitemsalesperiodbucketssumxx', 'txprodwhsetotalspinstk4venuom', 'upcxref', 'usercntrl', 'usrdefcat', 'vendgrp', 'vendrebate', 'vendtag', 'vendwhse', 'vwaccountspayable', 'vwaccountsreceivable', 'vwcustomer', 'vwcustomerdifferentbillto', 'vwcustomersalesorderhistory', 'vwinvoicehistory', 'vwinvoicehistorylines', 'vwlastprice', 'vwlostsales', 'vwopenorders', 'vwordership', 'vwordersourceanalysis', 'vwpricebook', 'vwproduct', 'vwproductinventory', 'vwproductprice', 'vwproductsales', 'vwpurchaseorders', 'vwrebates', 'vwsalesorder', 'vwsalesorder2', 'vwsalesperson', 'vwsalestotalsthisyearvslastyear', 'vwshiplist', 'vwsourcecomparison_avggrossprofit', 'vwsourcecomparison_avgsales', 'vwsourcecomparison_cost', 'vwsourcecomparison_grossprofit', 'vwsourcecomparison_invoice', 'vwsourcecomparison_sale', 'vwvendor', 'vwxaranalysis', 'vwxaranalysis2', 'vwxaranalysis_30', 'vwxaranalysis_45', 'vwxaranalysis_60', 'vwxaranalysis_90', 'vwxaranalysis_current', 'vwxardetail', 'vwxarlessthan30days', 'vwxbottom10customersbymerchandisedollars', 'vwxbottom10customersbyprofitdollars', 'vwxbottom10productsbymerchandisedollars', 'vwxbottom10productsbyprofitdollars', 'vwxbottom10salesmanbymerchandisedollars', 'vwxbottom10salesmanbyprofitdollars', 'vwxbottom10vendorsbymerchandisedollars', 'vwxbottom10vendorsbyprofitdollars', 'vwxchartdata', 'vwxdivisiontotalsbyprofitdollars', 'vwxproductanalysis', 'vwxproductanalysisdetail', 'vwxsaleshistory', 'vwxsaleshistory2', 'vwxtop10customersbymerchandisedollars', 'vwxtop10customersbyprofitdollars', 'vwxtop10productsbymerchandisedollars', 'vwxtop10productsbyprofitdollars', 'vwxtop10salesmanbymerchandisedollars', 'vwxtop10salesmanbyprofitdollars', 'vwxtop10vendorsbymerchandisedollars', 'vwxtop10vendorsbyprofitdollars', 'vwxwarehousetotalsbyprofitdollars', 'vxitemsaleshistbymonthcust', 'vxitemsaleshistorybycustomermonthsum', 'vxitemsaleshistorybycustomermonthsumpc1', 'vxitemsaleshistorybycustomermonthsumpc1pivot', 'vxitemsaleshistorybycustomermonthsumpc1pivotsum', 'vxitemsaleshistorybycustomermonthsumpc5', 'vxitemsaleshistorybymonthsum', 'vxitemsaleshistseqmonths1', 'vxitemsalesinperiodbucketssum', 'vxitemsalesinperiodbucketssumpercent', 'vxitemsalesperiodbucketssumxsum', 'vxpinsock', 'vxproductsalesmen2', 'vxprodwhsetotals', 'vxprodwhsetotalspinstk4', 'vxprodwhsetotalspinstk4venuom', 'vxwarehousestock', 'vxwarehousestocktotal', 'weeklysls', 'whinfo', 'wohfle', 'wohist', 'wohistl', 'wolfle', 'wos_t_machine', 'wos_t_machineruntime', 'wos_t_machresallocation', 'wos_t_machresource', 'wos_t_reports', 'wos_t_resource', 'wos_t_resusers', 'wos_t_resusers_1', 'wos_t_rptparm', 'wos_t_user', 'wos_t_womachinedata', 'wos_t_woschedule', 'wos_t_wosschedmod', 'wos_t_wosstatus', 'wos_t_wouserdata', 'zonefle']
2026-04-02 16:56:23,239 [INFO] --- Syncing customers ---
2026-04-02 16:56:23,375 [INFO]   Fetched 9340 active customer rows from Synergy (inactive/closed filtered at query level).
2026-04-02 16:56:25,560 [DEBUG]   Upserted batch 1 (500 records) to 'customers'.
2026-04-02 16:56:26,947 [DEBUG]   Upserted batch 2 (500 records) to 'customers'.
2026-04-02 16:56:28,311 [DEBUG]   Upserted batch 3 (500 records) to 'customers'.
2026-04-02 16:56:29,817 [DEBUG]   Upserted batch 4 (500 records) to 'customers'.
2026-04-02 16:56:31,009 [DEBUG]   Upserted batch 5 (500 records) to 'customers'.
2026-04-02 16:56:32,111 [DEBUG]   Upserted batch 6 (500 records) to 'customers'.
2026-04-02 16:56:33,445 [DEBUG]   Upserted batch 7 (500 records) to 'customers'.
2026-04-02 16:56:34,767 [DEBUG]   Upserted batch 8 (500 records) to 'customers'.
2026-04-02 16:56:36,014 [DEBUG]   Upserted batch 9 (500 records) to 'customers'.
2026-04-02 16:56:37,141 [DEBUG]   Upserted batch 10 (500 records) to 'customers'.
2026-04-02 16:56:38,251 [DEBUG]   Upserted batch 11 (500 records) to 'customers'.
2026-04-02 16:56:39,366 [DEBUG]   Upserted batch 12 (500 records) to 'customers'.
2026-04-02 16:56:40,469 [DEBUG]   Upserted batch 13 (500 records) to 'customers'.
2026-04-02 16:56:41,763 [DEBUG]   Upserted batch 14 (500 records) to 'customers'.
2026-04-02 16:57:04,256 [DEBUG]   Upserted batch 15 (500 records) to 'customers'.
2026-04-02 16:57:05,379 [DEBUG]   Upserted batch 16 (500 records) to 'customers'.
2026-04-02 16:57:06,791 [DEBUG]   Upserted batch 17 (500 records) to 'customers'.
2026-04-02 16:57:07,888 [DEBUG]   Upserted batch 18 (500 records) to 'customers'.
2026-04-02 16:57:08,913 [DEBUG]   Upserted batch 19 (340 records) to 'customers'.
2026-04-02 16:57:08,913 [INFO]   Customers synced: 9340
2026-04-02 16:57:08,915 [INFO] --- Syncing technicians ---
2026-04-02 16:57:08,916 [INFO]   Fetched 12 technician rows from Synergy.
2026-04-02 16:57:09,572 [DEBUG]   Upserted batch 1 (12 records) to 'users'.
2026-04-02 16:57:09,572 [INFO]   Technicians synced: 12
2026-04-02 16:57:09,572 [INFO] --- Syncing ship-to locations ---
2026-04-02 16:57:09,658 [INFO]   Fetched 7526 ship-to location rows from Synergy.
2026-04-02 16:57:10,296 [DEBUG]   Skipped 5243 ship-to locations with no matching customer in Supabase.
2026-04-02 16:57:11,702 [DEBUG]   Upserted batch 1 (500 records) to 'ship_to_locations'.
2026-04-02 16:57:12,831 [DEBUG]   Upserted batch 2 (500 records) to 'ship_to_locations'.
2026-04-02 16:57:13,966 [DEBUG]   Upserted batch 3 (500 records) to 'ship_to_locations'.
2026-04-02 16:57:15,450 [DEBUG]   Upserted batch 4 (500 records) to 'ship_to_locations'.
2026-04-02 16:57:16,756 [DEBUG]   Upserted batch 5 (283 records) to 'ship_to_locations'.
2026-04-02 16:57:16,757 [INFO]   Ship-to locations synced: 2283
2026-04-02 16:57:16,759 [INFO] --- Syncing contacts ---
2026-04-02 16:57:16,777 [INFO]   Fetched 1295 contact rows from Synergy.
2026-04-02 16:57:17,410 [DEBUG]   Skipped 1059 contacts with no matching customer in Supabase.
2026-04-02 16:57:18,182 [DEBUG]   Cleared existing contacts before re-insert.
2026-04-02 16:57:19,095 [DEBUG]   Upserted batch 1 (236 records) to 'contacts'.
2026-04-02 16:57:19,095 [INFO]   Contacts synced: 236
2026-04-02 16:57:19,096 [INFO] --- Syncing products ---
2026-04-02 16:57:19,132 [INFO]   Fetched 2607 product rows from Synergy.
2026-04-02 16:57:20,153 [DEBUG]   Upserted batch 1 (500 records) to 'products'.
2026-04-02 16:57:21,132 [DEBUG]   Upserted batch 2 (500 records) to 'products'.
2026-04-02 16:57:22,088 [DEBUG]   Upserted batch 3 (500 records) to 'products'.
2026-04-02 16:57:23,245 [DEBUG]   Upserted batch 4 (500 records) to 'products'.
2026-04-02 16:57:24,237 [DEBUG]   Upserted batch 5 (500 records) to 'products'.
2026-04-02 16:57:24,981 [DEBUG]   Upserted batch 6 (107 records) to 'products'.
2026-04-02 16:57:24,981 [INFO]   Products synced: 2607
2026-04-02 16:57:24,982 [DEBUG] ERP connection closed.
2026-04-02 16:57:24,982 [INFO] Sync completed successfully. Total records synced: 14478
